Log file open, 07/01/17 19:21:59
LogInit:Display: Running engine for game: bep
LogPlatformFile: Not using cached read wrapper
LogInit:Display: RandInit(-31565461) SRandInit(-31565461).
LogTaskGraph: Started task graph with 5 named threads and 8 total threads with 1 sets of task threads.
LogStats: Stats thread started at 0.074567
LogInit: Using libcurl 7.47.1
LogInit:  - built for x86_64-pc-win32
LogInit:  - supports SSL with OpenSSL/1.0.2g
LogInit:  - supports HTTP deflate (compression) using libz 1.2.8
LogInit:  - other features:
LogInit:      CURL_VERSION_SSL
LogInit:      CURL_VERSION_LIBZ
LogInit:      CURL_VERSION_IPV6
LogInit:      CURL_VERSION_ASYNCHDNS
LogInit:      CURL_VERSION_LARGEFILE
LogInit:      CURL_VERSION_IDN
LogInit:  CurlRequestOptions (configurable via config and command line):
LogInit:  - bVerifyPeer = false  - Libcurl will NOT verify peer certificate
LogInit:  - bUseHttpProxy = false  - Libcurl will NOT use HTTP proxy
LogInit:  - bDontReuseConnections = false  - Libcurl will reuse connections
LogInit:  - CertBundlePath = nullptr  - Libcurl will use whatever was configured at build time.
LogInit: Build: ++UE4+Release-4.15-CL-3450819
LogInit: Engine Version: 4.15.3-3450819+++UE4+Release-4.15
LogInit: Compatible Engine Version: 4.15.0-3299760+++UE4+Release-4.15
LogInit: Net CL: 3299760
LogDevObjectVersion: Number of dev versions registered: 14
LogDevObjectVersion:   Dev-Blueprints (B0D832E4-1F89-4F0D-ACCF-7EB736FD4AA2): 8
LogDevObjectVersion:   Dev-Build (E1C64328-A22C-4D53-A36C-8E866417BD8C): 0
LogDevObjectVersion:   Dev-Core (375EC13C-06E4-48FB-B500-84F0262A717E): 2
LogDevObjectVersion:   Dev-Editor (E4B068ED-F494-42E9-A231-DA0B2E46BB41): 14
LogDevObjectVersion:   Dev-Framework (CFFC743F-43B0-4480-9391-14DF171D2073): 22
LogDevObjectVersion:   Dev-Mobile (B02B49B5-BB20-44E9-A304-32B752E40360): 0
LogDevObjectVersion:   Dev-Networking (A4E4105C-59A1-49B5-A7C5-40C4547EDFEE): 0
LogDevObjectVersion:   Dev-Online (39C831C9-5AE6-47DC-9A44-9C173E1C8E7C): 0
LogDevObjectVersion:   Dev-Physics (78F01B33-EBEA-4F98-B9B4-84EACCB95AA2): 0
LogDevObjectVersion:   Dev-Platform (6631380F-2D4D-43E0-8009-CF276956A95A): 0
LogDevObjectVersion:   Dev-Rendering (12F88B9F-8875-4AFC-A67C-D90C383ABD29): 12
LogDevObjectVersion:   Dev-Sequencer (7B5AE74C-D270-4C10-A958-57980B212A5A): 3
LogDevObjectVersion:   Dev-VR (D7296918-1DD6-4BDD-9DE2-64A83CC13884): 0
LogDevObjectVersion:   Dev-LoadTimes (C2A15278-BFE7-4AFE-6C17-90FF531DF755): 1
LogInit: Compiled (64-bit): May 21 2017 11:02:34
LogInit: Compiled with Visual C++: 19.00.23026.00
LogInit: Build Configuration: Development
LogInit: Branch Name: ++UE4+Release-4.15
LogInit: Command line:  
LogInit: Base directory: D:/Program Files/Epic Games/UE_4.15/Engine/Binaries/Win64/
LogInit: Installed Engine Build: 1
LogInit: Presizing for max 8388607 objects, including 0 objects not considered by GC, pre-allocating 0 bytes for permanent pool.
LogInit: Object subsystem initialized
[2017.07.01-18.22.00:394][  0]LogInit: Selected Device Profile: [Windows]
[2017.07.01-18.22.00:394][  0]LogInit: Applying CVar settings loaded from the selected device profile: [Windows]
[2017.07.01-18.22.00:404][  0]LogInit: Computer: TONIMSI
[2017.07.01-18.22.00:404][  0]LogInit: User: tonir
[2017.07.01-18.22.00:404][  0]LogInit: CPU Page size=65536, Cores=4
[2017.07.01-18.22.00:404][  0]LogInit: High frequency timer resolution =2.338349 MHz
[2017.07.01-18.22.00:405][  0]LogMemory: Memory total: Physical=7.9GB (8GB approx)
[2017.07.01-18.22.00:405][  0]LogMemory: Platform Memory Stats for Windows
[2017.07.01-18.22.00:405][  0]LogMemory: Process Physical Memory: 264.65 MB used, 264.65 MB peak
[2017.07.01-18.22.00:405][  0]LogMemory: Process Virtual Memory: 262.44 MB used, 262.44 MB peak
[2017.07.01-18.22.00:405][  0]LogMemory: Physical Memory: 4344.71 MB used,  3766.95 MB free, 8111.66 MB total
[2017.07.01-18.22.00:405][  0]LogMemory: Virtual Memory: 645.11 MB used,  3766.95 MB free, 134217728.00 MB total
[2017.07.01-18.22.00:469][  0]LogInit: Overriding culture en-GB with editor configuration.
[2017.07.01-18.22.00:473][  0]LogTextLocalizationManager: No specific translations for ('en-GB') exist, so ('en') translations will be used.
[2017.07.01-18.22.01:176][  0]LogD3D11RHI: D3D11 adapters:
[2017.07.01-18.22.01:227][  0]LogD3D11RHI:    0. 'NVIDIA GeForce GT 750M' (Feature Level 11_0)
[2017.07.01-18.22.01:227][  0]LogD3D11RHI:       2020/0/4055 MB DedicatedVideo/DedicatedSystem/SharedSystem, Outputs:1, VendorId:0x10de
[2017.07.01-18.22.01:231][  0]LogD3D11RHI:    1. 'Intel(R) HD Graphics 4600' (Feature Level 11_0)
[2017.07.01-18.22.01:231][  0]LogD3D11RHI:       112/0/2048 MB DedicatedVideo/DedicatedSystem/SharedSystem, Outputs:0, VendorId:0x8086
[2017.07.01-18.22.01:232][  0]LogD3D11RHI:    2. 'Microsoft Basic Render Driver' (Feature Level 11_0)
[2017.07.01-18.22.01:232][  0]LogD3D11RHI:       0/0/4055 MB DedicatedVideo/DedicatedSystem/SharedSystem, Outputs:0, VendorId:0x1414
[2017.07.01-18.22.01:232][  0]LogD3D11RHI: Chosen D3D11 Adapter: 0
[2017.07.01-18.22.01:238][  0]LogD3D11RHI: Creating new Direct3DDevice
[2017.07.01-18.22.01:238][  0]LogD3D11RHI:     GPU DeviceId: 0xfe4 (for the marketing name, search the web for "GPU Device Id")
[2017.07.01-18.22.01:238][  0]LogWindows: EnumDisplayDevices:
[2017.07.01-18.22.01:238][  0]LogWindows:    0. 'Intel(R) HD Graphics 4600' (P:1 D:1)
[2017.07.01-18.22.01:239][  0]LogWindows:    1. 'Intel(R) HD Graphics 4600' (P:0 D:0)
[2017.07.01-18.22.01:239][  0]LogWindows:    2. 'Intel(R) HD Graphics 4600' (P:0 D:0)
[2017.07.01-18.22.01:239][  0]LogWindows: DebugString: PrimaryIsNotTheChoosenAdapter PrimaryIsNotTheChoosenAdapter PrimaryIsNotTheChoosenAdapter FoundDriverCount:0 
[2017.07.01-18.22.01:239][  0]LogD3D11RHI:     Adapter Name: NVIDIA GeForce GT 750M
[2017.07.01-18.22.01:239][  0]LogD3D11RHI:   Driver Version: Unknown (internal:Unknown, unified:Unknown)
[2017.07.01-18.22.01:239][  0]LogD3D11RHI:      Driver Date: Unknown
[2017.07.01-18.22.01:239][  0]LogRHI: Texture pool is 1361 MB (70% of 1945 MB)
[2017.07.01-18.22.01:271][  0]LogD3D11RHI:Warning: Timestamp queries are currently disabled on this hardware due to instability. Realtime GPU stats will not be available. You can override this behaviour by setting r.NVIDIATimestampWorkaround to 0
[2017.07.01-18.22.01:272][  0]LogD3D11RHI: Async texture creation enabled
[2017.07.01-18.22.01:289][  0]LogD3D11RHI: GPU Timing Frequency: 1000.000000 (Debug: 2 2)
[2017.07.01-18.22.01:289][  0]LogShaderCompilers: Guid format shader working directory is -3 characters bigger than the processId version (C:/Users/tonir/Documents/Unreal Projects/bep/bep/Intermediate/Shaders/WorkingDirectory/18252/).
[2017.07.01-18.22.01:289][  0]LogShaderCompilers: Cleaned the shader compiler working directory 'C:/Users/tonir/AppData/Local/Temp/UnrealShaderWorkingDir/97115D7B41D3D13D941B71A3ACC2A4E5/'.
[2017.07.01-18.22.01:289][  0]LogShaderCompilers:Display: Using Local Shader Compiler.
[2017.07.01-18.22.02:357][  0]LogTemp:Display: Loaded TP AllDesktopTargetPlatform
[2017.07.01-18.22.02:405][  0]LogTemp:Display: Loaded TP MacClientTargetPlatform
[2017.07.01-18.22.02:453][  0]LogTemp:Display: Loaded TP MacNoEditorTargetPlatform
[2017.07.01-18.22.02:500][  0]LogTemp:Display: Loaded TP MacServerTargetPlatform
[2017.07.01-18.22.02:549][  0]LogTemp:Display: Loaded TP MacTargetPlatform
[2017.07.01-18.22.02:599][  0]LogTemp:Display: Loaded TP WindowsClientTargetPlatform
[2017.07.01-18.22.02:646][  0]LogTemp:Display: Loaded TP WindowsNoEditorTargetPlatform
[2017.07.01-18.22.02:694][  0]LogTemp:Display: Loaded TP WindowsServerTargetPlatform
[2017.07.01-18.22.02:732][  0]LogTemp:Display: Loaded TP WindowsTargetPlatform
[2017.07.01-18.22.02:780][  0]LogTemp:Display: Loaded TP AndroidTargetPlatform
[2017.07.01-18.22.02:825][  0]LogTemp:Display: Loaded TP Android_ASTCTargetPlatform
[2017.07.01-18.22.02:873][  0]LogTemp:Display: Loaded TP Android_ATCTargetPlatform
[2017.07.01-18.22.02:920][  0]LogTemp:Display: Loaded TP Android_DXTTargetPlatform
[2017.07.01-18.22.02:969][  0]LogTemp:Display: Loaded TP Android_ETC1TargetPlatform
[2017.07.01-18.22.03:016][  0]LogTemp:Display: Loaded TP Android_ETC2TargetPlatform
[2017.07.01-18.22.03:111][  0]LogTemp:Display: Loaded TP Android_MultiTargetPlatform
[2017.07.01-18.22.03:111][  0]LogTemp:Display: Loaded TP Android_PVRTCTargetPlatform
[2017.07.01-18.22.03:141][  0]LogTemp:Display: Loaded TP HTML5TargetPlatform
[2017.07.01-18.22.03:226][  0]LogTemp:Display: Loaded TP IOSTargetPlatform
[2017.07.01-18.22.03:256][  0]LogTemp:Display: Loaded TP TVOSTargetPlatform
[2017.07.01-18.22.03:304][  0]LogTemp:Display: Loaded TP LinuxClientTargetPlatform
[2017.07.01-18.22.03:353][  0]LogTemp:Display: Loaded TP LinuxNoEditorTargetPlatform
[2017.07.01-18.22.03:400][  0]LogTemp:Display: Loaded TP LinuxServerTargetPlatform
[2017.07.01-18.22.03:448][  0]LogTemp:Display: Loaded TP LinuxTargetPlatform
[2017.07.01-18.22.03:448][  0]LogTargetPlatformManager:Display: Building Assets For Windows
[2017.07.01-18.22.03:795][  0]LogDerivedDataCache:Display: Max Cache Size: 512 MB
[2017.07.01-18.22.03:849][  0]LogDerivedDataCache: Loaded boot cache 0.05s 51MB C:/Users/tonir/AppData/Local/UnrealEngine/4.15/DerivedDataCache/Boot.ddc.
[2017.07.01-18.22.03:849][  0]LogDerivedDataCache:Display: Loaded Boot cache: C:/Users/tonir/AppData/Local/UnrealEngine/4.15/DerivedDataCache/Boot.ddc
[2017.07.01-18.22.03:849][  0]LogDerivedDataCache: FDerivedDataBackendGraph:  Pak pak cache file C:/Users/tonir/Documents/Unreal Projects/bep/bep/DerivedDataCache/DDC.ddp not found, will not use a pak cache.
[2017.07.01-18.22.03:849][  0]LogDerivedDataCache: Unable to find inner node Pak for hierarchical cache Hierarchy.
[2017.07.01-18.22.03:850][  0]LogDerivedDataCache: FDerivedDataBackendGraph:  CompressedPak pak cache file C:/Users/tonir/Documents/Unreal Projects/bep/bep/DerivedDataCache/Compressed.ddp not found, will not use a pak cache.
[2017.07.01-18.22.03:850][  0]LogDerivedDataCache: Unable to find inner node CompressedPak for hierarchical cache Hierarchy.
[2017.07.01-18.22.03:867][  0]LogDerivedDataCache:Display: Pak cache opened for reading ../../../Engine/DerivedDataCache/Compressed.ddp.
[2017.07.01-18.22.03:879][  0]LogDerivedDataCache: Using Local data cache path C:/Users/tonir/AppData/Local/UnrealEngine/Common/DerivedDataCache: Writable
[2017.07.01-18.22.03:888][  0]LogSlate: Using Freetype 2.6.0
[2017.07.01-18.22.03:888][  0]LogSlate: SlateFontCache - WITH_FREETYPE: 1, WITH_HARFBUZZ: 1
[2017.07.01-18.22.03:889][  0]LogSlate: SlateFontCache - WITH_FREETYPE: 1, WITH_HARFBUZZ: 1
[2017.07.01-18.22.04:188][  0]LogInit: Selected Device Profile: [Windows]
[2017.07.01-18.22.04:190][  0]LogContentStreaming: Texture pool size is 0.00 MB
[2017.07.01-18.22.04:381][  0]LogMeshUtilities: Using QuadricMeshReduction for automatic static mesh reduction
[2017.07.01-18.22.04:414][  0]LogSimplygon: Simplygon DLL not present - disabling.
[2017.07.01-18.22.04:456][  0]LogMeshUtilities: Using SimplygonSwarm for distributed automatic mesh merging
[2017.07.01-18.22.04:456][  0]LogMeshUtilities: No automatic skeletal mesh reduction module available
[2017.07.01-18.22.04:456][  0]LogMeshUtilities: No automatic mesh merging module available
[2017.07.01-18.22.05:259][  0]LogNetVersion: GetLocalNetworkVersion: CL: 3299760, ProjectName: bep, ProjectVersion: , EngineNetworkVersion: 2, GameNetworkVersion: 0, NetworkChecksum: 2828776786
[2017.07.01-18.22.05:298][  0]LogAssetRegistry: FAssetRegistry took 0.0211 seconds to start up
[2017.07.01-18.22.05:341][  0]LogPackageLocalizationCache: Processed 3 localized package path(s) for 2 prioritized culture(s) in 0.026425 seconds
[2017.07.01-18.22.05:347][  0]LogUObjectArray: 32493 objects as part of root set at end of initial load.
[2017.07.01-18.22.05:347][  0]LogUObjectAllocator: 7077032 out of 0 bytes used by permanent object pool.
[2017.07.01-18.22.05:347][  0]LogUObjectArray: CloseDisregardForGC: 0/0 objects in disregard for GC pool
[2017.07.01-18.22.05:393][  0]LogInit: WinSock: version 1.1 (2.2), MaxSocks=32767, MaxUdp=65467
[2017.07.01-18.22.06:926][  0]LogTcpMessaging: Initializing TcpMessaging bridge
[2017.07.01-18.22.06:962][  0]LogUdpMessaging: Initializing bridge on interface 0.0.0.0:0 to multicast group 230.0.0.1:6666.
[2017.07.01-18.22.07:360][  0]LogMaterial: Uniform references updated for custom material expression Custom.
[2017.07.01-18.22.07:694][  0]SourceControl: Info Source control is disabled
[2017.07.01-18.22.08:851][  0]LogEngine: Initializing Engine...
[2017.07.01-18.22.08:852][  0]LogHMD: Failed to initialize OpenVR with code 110
[2017.07.01-18.22.08:960][  0]LogStats: UGameplayTagsManager::ConstructGameplayTagTree: Construct from data asset -  0.000 s
[2017.07.01-18.22.08:960][  0]LogStats: UGameplayTagsManager::ConstructGameplayTagTree: GameplayTagTreeChangedEvent.Broadcast -  0.000 s
[2017.07.01-18.22.09:058][  0]LogAIModule: Creating AISystem for world Untitled
[2017.07.01-18.22.09:063][  0]LogInit: XAudio2 using 'Altavoces (Realtek High Definition Audio)' : 2 channels at 48 kHz using 32 bits per sample (channel mask 0x3)
[2017.07.01-18.22.09:079][  0]LogInit: FAudioDevice initialized.
[2017.07.01-18.22.09:106][  0]LogDerivedDataCache: Saved boot cache 0.03s 50MB C:/Users/tonir/AppData/Local/UnrealEngine/4.15/DerivedDataCache/Boot.ddc.
[2017.07.01-18.22.09:114][  0]LogInit: Texture streaming: Enabled
[2017.07.01-18.22.09:181][  0]LogEngineSessionManager: EngineSessionManager initialized
[2017.07.01-18.22.09:254][  0]LogInit: Transaction tracking system initialized
[2017.07.01-18.22.09:522][  0]BlueprintLog: New page: Editor Load
[2017.07.01-18.22.10:208][  0]LocalizationService: Info Localization service is disabled
[2017.07.01-18.22.11:190][  0]LogConsoleResponse:Display: 
[2017.07.01-18.22.11:301][  0]LogCook:Display: Max memory allowance for cook 16384mb min free memory 0mb
[2017.07.01-18.22.11:301][  0]LogCook:Display: Mobile HDR setting 1
[2017.07.01-18.22.12:111][  0]LogFileCache: Scanning file cache for directory 'C:/Users/tonir/Documents/Unreal Projects/bep/bep/Content/' took 0.02s
[2017.07.01-18.22.12:146][  0]Cmd: MAP LOAD FILE="C:/Users/tonir/Documents/Unreal Projects/bep/bep/Content/UI/MainMenuLevel.umap" TEMPLATE=0 SHOWPROGRESS=1 FEATURELEVEL=3
[2017.07.01-18.22.12:147][  0]LightingResults: New page: Lighting Build
[2017.07.01-18.22.12:179][  0]MapCheck: New page: Map Check
[2017.07.01-18.22.12:179][  0]LightingResults: New page: Lighting Build
[2017.07.01-18.22.13:095][  0]LogAIModule: Creating AISystem for world MainMenuLevel
[2017.07.01-18.22.13:115][  0]LogEditorServer: Finished looking for orphan Actors (0.000 secs)
[2017.07.01-18.22.13:116][  0]Cmd: MAP CHECKDEP NOCLEARLOG
[2017.07.01-18.22.13:180][  0]MapCheck: Info Map check complete: 0 Error(s), 0 Warning(s), took 63.516ms to complete.
[2017.07.01-18.22.13:180][  0]LogFileHelpers: Loading map 'MainMenuLevel' took 1.033
[2017.07.01-18.22.13:247][  0]LogWindowsTextInputMethodSystem:Display: IME system now deactivated.
[2017.07.01-18.22.13:358][  0]LogCollectionManager: Loaded 1 collections in 0.001610 seconds
[2017.07.01-18.22.13:428][  0]LogFileCache: Scanning file cache for directory 'C:/Users/tonir/Documents/Unreal Projects/bep/bep/Saved/Collections/' took 0.01s
[2017.07.01-18.22.13:428][  0]LogFileCache: Scanning file cache for directory 'C:/Users/tonir/Documents/Unreal Projects/bep/bep/Content/Developers/tonir/Collections/' took 0.01s
[2017.07.01-18.22.13:428][  0]LogFileCache: Scanning file cache for directory 'C:/Users/tonir/Documents/Unreal Projects/bep/bep/Content/Collections/' took 0.01s
[2017.07.01-18.22.13:428][  0]LogCollectionManager: Rebuilt the GUID cache for 1 collections in 0.000003 seconds
[2017.07.01-18.22.13:428][  0]LogCollectionManager: Rebuilt the hierarchy cache for 1 collections in 0.000000 seconds
[2017.07.01-18.22.13:438][  0]LogContentBrowser: Native class hierarchy populated in 0.0095 seconds. Added 2245 classes and 453 folders.
[2017.07.01-18.22.13:488][  0]LogContentBrowser: Native class hierarchy updated for 'WidgetCarousel' in 0.0006 seconds. Added 0 classes and 0 folders.
[2017.07.01-18.22.13:546][  0]LogContentBrowser: Native class hierarchy updated for 'AddContentDialog' in 0.0005 seconds. Added 0 classes and 0 folders.
[2017.07.01-18.22.13:582][  0]LogContentBrowser: Native class hierarchy updated for 'SceneOutliner' in 0.0005 seconds. Added 1 classes and 2 folders.
[2017.07.01-18.22.13:674][  0]LogCrashTracker: Crashtracker disabled due to settings.
[2017.07.01-18.22.13:682][  0]LogUObjectGlobals:Warning: Failed to find object 'Class None.'
[2017.07.01-18.22.13:742][  0]LogContentBrowser: Native class hierarchy updated for 'HierarchicalLODOutliner' in 0.0006 seconds. Added 1 classes and 2 folders.
[2017.07.01-18.22.13:742][  0]LogLoad: (Engine Initialization) Total time: 15.31 seconds
[2017.07.01-18.22.13:742][  0]LogLoad: (Engine Initialization) Total Blueprint compile time: 0.37 seconds
[2017.07.01-18.22.13:742][  0]LogExternalProfiler: Found external profiler: VSPerf
[2017.07.01-18.22.13:742][  0]LogExternalProfiler: Using external profiler: VSPerf
[2017.07.01-18.22.13:762][  0]LogOcInput: OculusInput pre-init called
[2017.07.01-18.22.13:795][  0]LogContentStreaming: Texture pool size now 600 MB
[2017.07.01-18.22.13:796][  0]LogSlate: Took 0.000306 seconds to synchronously load lazily loaded font '../../../Engine/Content/Slate/Fonts/Roboto-Regular.ttf' (155K)
[2017.07.01-18.22.13:799][  0]LogSlate: Took 0.000366 seconds to synchronously load lazily loaded font '../../../Engine/Content/Slate/Fonts/Roboto-Bold.ttf' (160K)
[2017.07.01-18.22.13:805][  0]LogSlate: Took 0.000625 seconds to synchronously load lazily loaded font '../../../Engine/Content/Editor/Slate/Fonts/FontAwesome.ttf' (139K)
[2017.07.01-18.22.13:923][  0]LogSlate: Took 0.000568 seconds to synchronously load lazily loaded font '../../../Engine/Content/Slate/Fonts/Roboto-Light.ttf' (159K)
[2017.07.01-18.22.13:965][  0]LogRenderer: Reallocating scene render targets to support 1092x576 NumSamples 1 (Frame:2).
[2017.07.01-18.22.14:011][  1]LogFileCache: Retrieving MD5 hashes for directory 'C:/Users/tonir/Documents/Unreal Projects/bep/bep/Content/' took 0.24s
[2017.07.01-18.22.14:022][  1]LogAssetRegistry: Asset discovery search completed in 8.7450 seconds
[2017.07.01-18.22.14:022][  1]LogCollectionManager: Rebuilt the object cache for 1 collections in 0.000006 seconds (found 0 objects)
[2017.07.01-18.22.14:022][  1]LogCollectionManager: Fixed up redirectors for 1 collections in 0.000018 seconds (updated 0 objects)
[2017.07.01-18.22.14:788][ 41]LogSlate: Took 0.000254 seconds to synchronously load lazily loaded font '../../../Engine/Content/Slate/Fonts/Roboto-Light.ttf' (159K)
[2017.07.01-18.22.28:581][867]LogSlate: Took 0.000214 seconds to synchronously load lazily loaded font '../../../Engine/Content/Slate/Fonts/Roboto-Light.ttf' (159K)
[2017.07.01-18.22.28:712][867]LogSpawn:Warning: UWorld::DestroyActor: World has no context! World: Toni3, Actor: /Game/FirstPersonBP/Maps/Toni3.Toni3:PersistentLevel.DESTROYED_Grapple_ActorBP_C_CHILDACTOR_3
[2017.07.01-18.22.28:719][867]LogAIModule: Creating AISystem for world Toni3
[2017.07.01-18.22.28:728][867]LogSpawn:Warning: UWorld::DestroyActor: World has no context! World: Toni3, Actor: /Game/FirstPersonBP/Maps/Toni3.Toni3:PersistentLevel.DESTROYED_Grapple_ActorBP_C_CHILDACTOR_5
[2017.07.01-18.22.28:761][867]Cmd: MAP LOAD FILE="C:/Users/tonir/Documents/Unreal Projects/bep/bep/Content/FirstPersonBP/Maps/Toni3.umap" TEMPLATE=0 SHOWPROGRESS=1 FEATURELEVEL=3
[2017.07.01-18.22.28:761][867]LightingResults: New page: Lighting Build
[2017.07.01-18.22.28:763][867]LoadErrors: New page: Loading map: Toni3.umap
[2017.07.01-18.22.28:763][867]MapCheck: New page: Map Check
[2017.07.01-18.22.28:763][867]LightingResults: New page: Lighting Build
[2017.07.01-18.22.28:853][867]LogEditorServer: Finished looking for orphan Actors (0.000 secs)
[2017.07.01-18.22.28:879][867]Cmd: MAP CHECKDEP NOCLEARLOG
[2017.07.01-18.22.28:937][867]MapCheck: Info Map check complete: 0 Error(s), 0 Warning(s), took 57.727ms to complete.
[2017.07.01-18.22.28:937][867]LogFileHelpers: Loading map 'Toni3' took 0.177
[2017.07.01-18.22.30:578][963]LogTemp: Repeting last play command: Selected Viewport
[2017.07.01-18.22.30:593][963]LogBlueprintUserMessages: Early PlayInEditor Detection: Level '/Game/FirstPersonBP/Maps/Toni3.Toni3:PersistentLevel' has LevelScriptBlueprint '/Game/FirstPersonBP/Maps/Toni3.Toni3:PersistentLevel.Toni3' with GeneratedClass '/Game/FirstPersonBP/Maps/Toni3.Toni3_C' with ClassGeneratedBy '/Game/FirstPersonBP/Maps/Toni3.Toni3:PersistentLevel.Toni3'
[2017.07.01-18.22.30:593][963]LogPlayLevel: PlayLevel: No blueprints needed recompiling
[2017.07.01-18.22.30:593][963]PIE: New page: PIE session: Toni3 (1 Jul 2017 20:22:30)
[2017.07.01-18.22.30:593][963]LogPlayLevel: Creating play world package: /Game/FirstPersonBP/Maps/UEDPIE_0_Toni3
[2017.07.01-18.22.30:611][963]LogPlayLevel: PIE: StaticDuplicateObject took: (0.017865s)
[2017.07.01-18.22.30:612][963]LogAIModule: Creating AISystem for world Toni3
[2017.07.01-18.22.30:612][963]LogPlayLevel: PIE: World Init took: (0.000921s)
[2017.07.01-18.22.30:612][963]LogPlayLevel: PIE: Created PIE world by copying editor world from /Game/FirstPersonBP/Maps/Toni3.Toni3 to /Game/FirstPersonBP/Maps/UEDPIE_0_Toni3.Toni3 (0.019029s)
[2017.07.01-18.22.30:638][963]LogInit: XAudio2 using 'Altavoces (Realtek High Definition Audio)' : 2 channels at 48 kHz using 32 bits per sample (channel mask 0x3)
[2017.07.01-18.22.30:649][963]LogInit: FAudioDevice initialized.
[2017.07.01-18.22.30:695][963]LogLoad: Game class is 'FirstPersonGameMode_C'
[2017.07.01-18.22.30:698][963]LogWorld: Bringing World /Game/FirstPersonBP/Maps/UEDPIE_0_Toni3.Toni3 up for play (max tick rate 60) at 2017.07.01-19.22.30
[2017.07.01-18.22.30:698][963]LogWorld: Bringing up level for play took: 0.002317
[2017.07.01-18.22.30:731][963]LogContentBrowser: Native class hierarchy updated for 'MovieSceneCapture' in 0.0005 seconds. Added 11 classes and 0 folders.
[2017.07.01-18.22.30:733][963]PIE: Info Play in editor start time for /Game/FirstPersonBP/Maps/UEDPIE_0_Toni3 -0.444
[2017.07.01-18.22.30:733][963]LogBlueprintUserMessages: Late PlayInEditor Detection: Level '/Game/FirstPersonBP/Maps/Toni3.Toni3:PersistentLevel' has LevelScriptBlueprint '/Game/FirstPersonBP/Maps/Toni3.Toni3:PersistentLevel.Toni3' with GeneratedClass '/Game/FirstPersonBP/Maps/Toni3.Toni3_C' with ClassGeneratedBy '/Game/FirstPersonBP/Maps/Toni3.Toni3:PersistentLevel.Toni3'
[2017.07.01-18.22.33:841][147]LogBlueprintUserMessages: [StaticBoxBP2] Hello
[2017.07.01-18.22.36:423][302]LogBlueprintUserMessages: [StaticBoxBP_166] Hello
[2017.07.01-18.22.36:423][302]LogBlueprintUserMessages: [FirstPersonCharacter_C_1] Pasas de nivel
[2017.07.01-18.22.36:423][302]LogBlueprintUserMessages: [FirstPersonCharacter_C_1] 37
[2017.07.01-18.22.36:423][302]LogScriptCore:Warning: Script Msg: Attempted to set an invalid index on array ArrayMedal [35/0]!
[2017.07.01-18.22.36:808][325]LogBlueprintUserMessages: Early EndPlayMap Detection: Level '/Game/FirstPersonBP/Maps/Toni3.Toni3:PersistentLevel' has LevelScriptBlueprint '/Game/FirstPersonBP/Maps/Toni3.Toni3:PersistentLevel.Toni3' with GeneratedClass '/Game/FirstPersonBP/Maps/Toni3.Toni3_C' with ClassGeneratedBy '/Game/FirstPersonBP/Maps/Toni3.Toni3:PersistentLevel.Toni3'
[2017.07.01-18.22.36:842][325]LogBlueprintUserMessages: Late EndPlayMap Detection: Level '/Game/FirstPersonBP/Maps/Toni3.Toni3:PersistentLevel' has LevelScriptBlueprint '/Game/FirstPersonBP/Maps/Toni3.Toni3:PersistentLevel.Toni3' with GeneratedClass '/Game/FirstPersonBP/Maps/Toni3.Toni3_C' with ClassGeneratedBy '/Game/FirstPersonBP/Maps/Toni3.Toni3:PersistentLevel.Toni3'
[2017.07.01-18.24.43:760][912]SourceControl: Info On branch NuevasMecanicas
[2017.07.01-18.24.43:760][912]SourceControl: Info Your branch and 'origin/NuevasMecanicas' have diverged,
[2017.07.01-18.24.43:760][912]SourceControl: Info and have 1 and 2 different commits each, respectively.
[2017.07.01-18.24.43:760][912]SourceControl: Info   (use "git pull" to merge the remote branch into yours)
[2017.07.01-18.24.43:760][912]SourceControl: Info You have unmerged paths.
[2017.07.01-18.24.43:760][912]SourceControl: Info   (fix conflicts and run "git commit")
[2017.07.01-18.24.43:760][912]SourceControl: Info   (use "git merge --abort" to abort the merge)
[2017.07.01-18.24.43:760][912]SourceControl: Info Changes to be committed:
[2017.07.01-18.24.43:760][912]SourceControl: Info 	modified:   bep/Content/FirstPersonBP/GrappleBP/Boxes/MovingPlatform.uasset
[2017.07.01-18.24.43:760][912]SourceControl: Info 	modified:   bep/Content/FirstPersonBP/GrappleBP/Boxes/OneFaceBox.uasset
[2017.07.01-18.24.43:760][912]SourceControl: Info 	modified:   bep/Content/FirstPersonBP/GrappleBP/Boxes/SplineBoxBP.uasset
[2017.07.01-18.24.43:760][912]SourceControl: Info 	modified:   bep/Content/FirstPersonBP/GrappleBP/Boxes/StaticBoxBP.uasset
[2017.07.01-18.24.43:760][912]SourceControl: Info 	modified:   bep/Intermediate/Config/CoalescedSourceConfigs/Engine.ini
[2017.07.01-18.24.43:760][912]SourceControl: Info 	modified:   bep/Saved/AutoScreenshot.png
[2017.07.01-18.24.43:760][912]SourceControl: Info 	modified:   bep/Saved/Autosaves/PackageRestoreData.json
[2017.07.01-18.24.43:760][912]SourceControl: Info 	modified:   bep/Saved/Config/Windows/Editor.ini
[2017.07.01-18.24.43:760][912]SourceControl: Info 	modified:   bep/Saved/Config/Windows/Engine.ini
[2017.07.01-18.24.43:760][912]SourceControl: Info 	modified:   bep/Saved/Config/Windows/SourceControlSettings.ini
[2017.07.01-18.24.43:760][912]SourceControl: Info Unmerged paths:
[2017.07.01-18.24.43:760][912]SourceControl: Info   (use "git add <file>..." to mark resolution)
[2017.07.01-18.24.43:760][912]SourceControl: Info 	both modified:   bep/Content/FirstPersonBP/GrappleBP/Materials/MaterialCompleto.uasset
[2017.07.01-18.24.43:760][912]SourceControl: Info Changes not staged for commit:
[2017.07.01-18.24.43:760][912]SourceControl: Info   (use "git add <file>..." to update what will be committed)
[2017.07.01-18.24.43:760][912]SourceControl: Info   (use "git checkout -- <file>..." to discard changes in working directory)
[2017.07.01-18.24.43:760][912]SourceControl: Info 	modified:   bep/Intermediate/CachedAssetRegistry.bin
[2017.07.01-18.24.43:760][912]SourceControl: Info 	modified:   bep/Intermediate/Config/CoalescedSourceConfigs/Engine.ini
[2017.07.01-18.24.43:760][912]SourceControl: Info 	modified:   bep/Saved/Config/Windows/EditorPerProjectUserSettings.ini
[2017.07.01-18.24.43:760][912]SourceControl: Info 	modified:   bep/Saved/Config/Windows/Engine.ini
[2017.07.01-18.24.43:760][912]SourceControl: Info 	modified:   bep/Saved/Logs/bep.log
[2017.07.01-18.25.06:462][ 77]LogSourceControl: Writed 'C:/Users/tonir/Documents/Unreal Projects/bep/bep/Saved/Diff/temp-5da88c00af263c296e271cab6521e377ab064ec3-MaterialCompleto.uasset' (169179o)
[2017.07.01-18.25.06:466][ 77]LogMaterial: Missing cached shader map for material MaterialCompleto, compiling. 
[2017.07.01-18.25.06:467][ 77]LogTemp:Display: Added material ShaderMap 0x0000015BC544EB00 with Material 0x0000015BA6BE1600 to ShaderMapsBeingCompiled
[2017.07.01-18.25.06:511][ 77]LogTemp:Display: Kicking off shader compilation for MaterialCompleto, GameThreadShaderMap 0x0000015BC544EB00
[2017.07.01-18.25.06:578][ 77]LogWindows:Warning: CreateProc failed (2) p4merge.exe "C:/Users/tonir/Documents/Unreal Projects/bep/bep/Saved/Diff/TextMaterialCompleto-0.txt" "C:/Users/tonir/Documents/Unreal Projects/bep/bep/Saved/Diff/TextMaterialCompleto-1.txt" 
[2017.07.01-18.25.11:400][ 77]LogTemp:Display: Finished compile of shader map 0x0000015BC544EB00
[2017.07.01-18.25.11:400][ 77]LogTemp:Display: Shader map MaterialCompleto complete, GameThreadShaderMap 0x0000015BC544EB00, marking material MaterialCompleto as finished
[2017.07.01-18.25.11:400][ 77]LogTemp:Display: Marking material as finished 0x0000015BA6BE1600
[2017.07.01-18.25.14:691][246]LogWindows:Warning: CreateProc failed (2) p4merge.exe "C:/Users/tonir/Documents/Unreal Projects/bep/bep/Saved/Diff/TextMaterialCompleto-2.txt" "C:/Users/tonir/Documents/Unreal Projects/bep/bep/Saved/Diff/TextMaterialCompleto-3.txt" 
[2017.07.01-18.25.16:419][285]LogMaterial: Missing cached shader map for material MaterialCompleto, compiling. 
[2017.07.01-18.25.16:420][285]LogTemp:Display: Added material ShaderMap 0x0000015BDF703200 with Material 0x0000015BC536F880 to ShaderMapsBeingCompiled
[2017.07.01-18.25.16:446][285]LogTemp:Display: Kicking off shader compilation for MaterialCompleto, GameThreadShaderMap 0x0000015BDF703200
[2017.07.01-18.25.16:544][285]LogMaterial: Missing cached shader map for material MaterialCompleto, compiling. 
[2017.07.01-18.25.16:546][285]LogTemp:Display: Added material ShaderMap 0x0000015BDE028800 with Material 0x0000015BC536F880 to ShaderMapsBeingCompiled
[2017.07.01-18.25.16:565][285]LogTemp:Display: Kicking off shader compilation for MaterialCompleto, GameThreadShaderMap 0x0000015BDE028800
[2017.07.01-18.25.16:565][285]LogMaterial: 0.00 seconds spent updating 1 materials, 1 interfaces, 0 instances, 0 with static permutations.
[2017.07.01-18.25.16:596][285]LogMaterial: Missing cached shader map for material FMatExpressionPreview MaterialExpressionDesaturation_2, compiling. 
[2017.07.01-18.25.16:597][285]LogTemp:Display: Added material ShaderMap 0x0000015BCEB50B80 with Material 0x0000015BDE9F3A00 to ShaderMapsBeingCompiled
[2017.07.01-18.25.16:599][285]LogTemp:Display: Kicking off shader compilation for FMatExpressionPreview MaterialExpressionDesaturation_2, GameThreadShaderMap 0x0000015BCEB50B80
[2017.07.01-18.25.16:601][285]LogMaterial: Missing cached shader map for material FMatExpressionPreview MaterialExpressionTextureSample_11, compiling. 
[2017.07.01-18.25.16:601][285]LogTemp:Display: Added material ShaderMap 0x0000015BCDF71D00 with Material 0x0000015BDE9F1300 to ShaderMapsBeingCompiled
[2017.07.01-18.25.16:603][285]LogTemp:Display: Kicking off shader compilation for FMatExpressionPreview MaterialExpressionTextureSample_11, GameThreadShaderMap 0x0000015BCDF71D00
[2017.07.01-18.25.16:613][285]LogSlate: Took 0.000242 seconds to synchronously load lazily loaded font '../../../Engine/Content/Editor/Slate/Fonts/Roboto-BoldCondensed.ttf' (158K)
[2017.07.01-18.25.17:880][330]LogSlate: Took 0.000629 seconds to synchronously load lazily loaded font '../../../Engine/Content/Editor/Slate/Fonts/Roboto-Italic.ttf' (157K)
[2017.07.01-18.25.18:672][361]LogTemp:Display: Finished compile of shader map 0x0000015BDE028800
[2017.07.01-18.25.18:672][361]LogTemp:Display: Shader map MaterialCompleto complete, GameThreadShaderMap 0x0000015BDE028800, marking material MaterialCompleto as finished
[2017.07.01-18.25.18:672][361]LogTemp:Display: Marking material as finished 0x0000015BC536F880
[2017.07.01-18.25.18:691][362]MaterialEditorStats: Info Base pass shader with only dynamic lighting: 87 instructions
[2017.07.01-18.25.18:691][362]MaterialEditorStats: Info Vertex shader: 31 instructions
[2017.07.01-18.25.18:691][362]MaterialEditorStats: Info Texture samplers: 2/16
[2017.07.01-18.25.18:693][362]LogTemp:Display: Finished compile of shader map 0x0000015BCEB50B80
[2017.07.01-18.25.18:693][362]LogTemp:Display: Shader map FMatExpressionPreview MaterialExpressionDesaturation_2 complete, GameThreadShaderMap 0x0000015BCEB50B80, marking material FMatExpressionPreview MaterialExpressionDesaturation_2 as finished
[2017.07.01-18.25.18:693][362]LogTemp:Display: Marking material as finished 0x0000015BDE9F3A00
[2017.07.01-18.25.18:833][370]LogTemp:Display: Finished compile of shader map 0x0000015BCDF71D00
[2017.07.01-18.25.18:833][370]LogTemp:Display: Shader map FMatExpressionPreview MaterialExpressionTextureSample_11 complete, GameThreadShaderMap 0x0000015BCDF71D00, marking material FMatExpressionPreview MaterialExpressionTextureSample_11 as finished
[2017.07.01-18.25.18:833][370]LogTemp:Display: Marking material as finished 0x0000015BDE9F1300
[2017.07.01-18.25.24:304][697]LogMaterialEditor: Saving and Compiling material MaterialCompleto
[2017.07.01-18.25.24:494][697]LogSavePackage: Save=18.12ms
[2017.07.01-18.25.24:494][697]LogSavePackage: Moving 'C:/Users/tonir/Documents/Unreal Projects/bep/bep/Saved/MaterialCompletoD48D9CC84E38850BD3D224816C6D93C0.tmp' to 'C:/Users/tonir/Documents/Unreal Projects/bep/bep/Content/FirstPersonBP/GrappleBP/Materials/MaterialCompleto.uasset'
[2017.07.01-18.25.24:495][697]LogSavePackage:Display: Finished SavePackage C:/Users/tonir/Documents/Unreal Projects/bep/bep/Content/FirstPersonBP/GrappleBP/Materials/MaterialCompleto.uasset
[2017.07.01-18.25.31:873][ 95]LogSourceControl: Writed 'C:/Users/tonir/Documents/Unreal Projects/bep/bep/Saved/Diff/temp-c024f983ca78a9897618b9bcd52ae3b44fde5c77-MaterialCompleto.uasset' (138292o)
[2017.07.01-18.25.31:897][ 95]LogWindows:Warning: CreateProc failed (2) p4merge.exe "C:/Users/tonir/Documents/Unreal Projects/bep/bep/Saved/Diff/TextMaterialCompleto-4.txt" "C:/Users/tonir/Documents/Unreal Projects/bep/bep/Saved/Diff/TextMaterialCompleto-5.txt" 
[2017.07.01-18.25.35:056][ 95]LogWindows:Warning: CreateProc failed (2) p4merge.exe "C:/Users/tonir/Documents/Unreal Projects/bep/bep/Saved/Diff/TextMaterialCompleto-4.txt" "C:/Users/tonir/Documents/Unreal Projects/bep/bep/Saved/Diff/TextMaterialCompleto-5.txt" 
[2017.07.01-18.25.45:949][650]LogTemp: Repeting last play command: Selected Viewport
[2017.07.01-18.25.45:963][650]LogBlueprintUserMessages: Early PlayInEditor Detection: Level '/Game/FirstPersonBP/Maps/Toni3.Toni3:PersistentLevel' has LevelScriptBlueprint '/Game/FirstPersonBP/Maps/Toni3.Toni3:PersistentLevel.Toni3' with GeneratedClass '/Game/FirstPersonBP/Maps/Toni3.Toni3_C' with ClassGeneratedBy '/Game/FirstPersonBP/Maps/Toni3.Toni3:PersistentLevel.Toni3'
[2017.07.01-18.25.45:963][650]LogPlayLevel: PlayLevel: No blueprints needed recompiling
[2017.07.01-18.25.45:963][650]PIE: New page: PIE session: Toni3 (1 Jul 2017 20:25:45)
[2017.07.01-18.25.45:963][650]LogPlayLevel: Creating play world package: /Game/FirstPersonBP/Maps/UEDPIE_0_Toni3
[2017.07.01-18.25.45:983][650]LogPlayLevel: PIE: StaticDuplicateObject took: (0.020065s)
[2017.07.01-18.25.45:984][650]LogAIModule: Creating AISystem for world Toni3
[2017.07.01-18.25.45:985][650]LogPlayLevel: PIE: World Init took: (0.001020s)
[2017.07.01-18.25.45:985][650]LogPlayLevel: PIE: Created PIE world by copying editor world from /Game/FirstPersonBP/Maps/Toni3.Toni3 to /Game/FirstPersonBP/Maps/UEDPIE_0_Toni3.Toni3 (0.021425s)
[2017.07.01-18.25.46:000][650]LogTemp:Display: Removed shader map 0x0000015BDF703200 from material 0x0000015BC536F880
[2017.07.01-18.25.46:002][650]LogInit: XAudio2 using 'Altavoces (Realtek High Definition Audio)' : 2 channels at 48 kHz using 32 bits per sample (channel mask 0x3)
[2017.07.01-18.25.46:017][650]LogInit: FAudioDevice initialized.
[2017.07.01-18.25.46:048][650]LogLoad: Game class is 'FirstPersonGameMode_C'
[2017.07.01-18.25.46:051][650]LogWorld: Bringing World /Game/FirstPersonBP/Maps/UEDPIE_0_Toni3.Toni3 up for play (max tick rate 60) at 2017.07.01-19.25.46
[2017.07.01-18.25.46:052][650]LogWorld: Bringing up level for play took: 0.002384
[2017.07.01-18.25.46:053][650]PIE: Info Play in editor start time for /Game/FirstPersonBP/Maps/UEDPIE_0_Toni3 0.877
[2017.07.01-18.25.46:054][650]LogBlueprintUserMessages: Late PlayInEditor Detection: Level '/Game/FirstPersonBP/Maps/Toni3.Toni3:PersistentLevel' has LevelScriptBlueprint '/Game/FirstPersonBP/Maps/Toni3.Toni3:PersistentLevel.Toni3' with GeneratedClass '/Game/FirstPersonBP/Maps/Toni3.Toni3_C' with ClassGeneratedBy '/Game/FirstPersonBP/Maps/Toni3.Toni3:PersistentLevel.Toni3'
[2017.07.01-18.25.49:711][868]LogBlueprintUserMessages: Early EndPlayMap Detection: Level '/Game/FirstPersonBP/Maps/Toni3.Toni3:PersistentLevel' has LevelScriptBlueprint '/Game/FirstPersonBP/Maps/Toni3.Toni3:PersistentLevel.Toni3' with GeneratedClass '/Game/FirstPersonBP/Maps/Toni3.Toni3_C' with ClassGeneratedBy '/Game/FirstPersonBP/Maps/Toni3.Toni3:PersistentLevel.Toni3'
[2017.07.01-18.25.49:748][868]LogBlueprintUserMessages: Late EndPlayMap Detection: Level '/Game/FirstPersonBP/Maps/Toni3.Toni3:PersistentLevel' has LevelScriptBlueprint '/Game/FirstPersonBP/Maps/Toni3.Toni3:PersistentLevel.Toni3' with GeneratedClass '/Game/FirstPersonBP/Maps/Toni3.Toni3_C' with ClassGeneratedBy '/Game/FirstPersonBP/Maps/Toni3.Toni3:PersistentLevel.Toni3'
[2017.07.01-18.25.55:106][186]LogMaterial: Missing cached shader map for material MaterialCompleto, compiling. 
[2017.07.01-18.25.55:107][186]LogTemp:Display: Added material ShaderMap 0x0000015BEE222780 with Material 0x0000015BCCC51300 to ShaderMapsBeingCompiled
[2017.07.01-18.25.55:125][186]LogTemp:Display: Kicking off shader compilation for MaterialCompleto, GameThreadShaderMap 0x0000015BEE222780
[2017.07.01-18.25.55:220][186]LogMaterial: Missing cached shader map for material MaterialCompleto, compiling. 
[2017.07.01-18.25.55:221][186]LogTemp:Display: Added material ShaderMap 0x0000015BDE70EB00 with Material 0x0000015BCCC51300 to ShaderMapsBeingCompiled
[2017.07.01-18.25.55:238][186]LogTemp:Display: Kicking off shader compilation for MaterialCompleto, GameThreadShaderMap 0x0000015BDE70EB00
[2017.07.01-18.25.55:239][186]LogMaterial: 0.00 seconds spent updating 1 materials, 1 interfaces, 0 instances, 0 with static permutations.
[2017.07.01-18.25.55:264][186]LogMaterial: Missing cached shader map for material FMatExpressionPreview MaterialExpressionDesaturation_2, compiling. 
[2017.07.01-18.25.55:265][186]LogTemp:Display: Added material ShaderMap 0x0000015BEAAA0B80 with Material 0x0000015BDF71BA00 to ShaderMapsBeingCompiled
[2017.07.01-18.25.55:268][186]LogTemp:Display: Kicking off shader compilation for FMatExpressionPreview MaterialExpressionDesaturation_2, GameThreadShaderMap 0x0000015BEAAA0B80
[2017.07.01-18.25.55:270][186]LogMaterial: Missing cached shader map for material FMatExpressionPreview MaterialExpressionTextureSample_11, compiling. 
[2017.07.01-18.25.55:271][186]LogTemp:Display: Added material ShaderMap 0x0000015BCE7DAB00 with Material 0x0000015BDF71AE00 to ShaderMapsBeingCompiled
[2017.07.01-18.25.55:274][186]LogTemp:Display: Kicking off shader compilation for FMatExpressionPreview MaterialExpressionTextureSample_11, GameThreadShaderMap 0x0000015BCE7DAB00
[2017.07.01-18.25.57:579][272]LogTemp:Display: Finished compile of shader map 0x0000015BDE70EB00
[2017.07.01-18.25.57:579][272]LogTemp:Display: Shader map MaterialCompleto complete, GameThreadShaderMap 0x0000015BDE70EB00, marking material MaterialCompleto as finished
[2017.07.01-18.25.57:579][272]LogTemp:Display: Marking material as finished 0x0000015BCCC51300
[2017.07.01-18.25.57:609][273]MaterialEditorStats: Info Base pass shader with only dynamic lighting: 87 instructions
[2017.07.01-18.25.57:609][273]MaterialEditorStats: Info Vertex shader: 31 instructions
[2017.07.01-18.25.57:609][273]MaterialEditorStats: Info Texture samplers: 2/16
[2017.07.01-18.25.57:610][273]LogTemp:Display: Finished compile of shader map 0x0000015BEAAA0B80
[2017.07.01-18.25.57:610][273]LogTemp:Display: Shader map FMatExpressionPreview MaterialExpressionDesaturation_2 complete, GameThreadShaderMap 0x0000015BEAAA0B80, marking material FMatExpressionPreview MaterialExpressionDesaturation_2 as finished
[2017.07.01-18.25.57:610][273]LogTemp:Display: Marking material as finished 0x0000015BDF71BA00
[2017.07.01-18.25.57:768][282]LogTemp:Display: Finished compile of shader map 0x0000015BCE7DAB00
[2017.07.01-18.25.57:768][282]LogTemp:Display: Shader map FMatExpressionPreview MaterialExpressionTextureSample_11 complete, GameThreadShaderMap 0x0000015BCE7DAB00, marking material FMatExpressionPreview MaterialExpressionTextureSample_11 as finished
[2017.07.01-18.25.57:768][282]LogTemp:Display: Marking material as finished 0x0000015BDF71AE00
[2017.07.01-18.26.05:664][730]LogMaterial: Missing cached shader map for material MaterialCompleto, compiling. 
[2017.07.01-18.26.05:666][730]LogTemp:Display: Added material ShaderMap 0x0000015BEB75CF00 with Material 0x0000015BCCC51300 to ShaderMapsBeingCompiled
[2017.07.01-18.26.05:684][730]LogTemp:Display: Kicking off shader compilation for MaterialCompleto, GameThreadShaderMap 0x0000015BEB75CF00
[2017.07.01-18.26.05:684][730]LogMaterial: 0.00 seconds spent updating 1 materials, 1 interfaces, 0 instances, 0 with static permutations.
[2017.07.01-18.26.07:588][807]LogTemp:Display: Finished compile of shader map 0x0000015BEB75CF00
[2017.07.01-18.26.07:588][807]LogTemp:Display: Shader map MaterialCompleto complete, GameThreadShaderMap 0x0000015BEB75CF00, marking material MaterialCompleto as finished
[2017.07.01-18.26.07:588][807]LogTemp:Display: Marking material as finished 0x0000015BCCC51300
[2017.07.01-18.26.07:605][808]MaterialEditorStats: Info Base pass shader with only dynamic lighting: 87 instructions
[2017.07.01-18.26.07:605][808]MaterialEditorStats: Info Vertex shader: 31 instructions
[2017.07.01-18.26.07:605][808]MaterialEditorStats: Info Texture samplers: 2/16
[2017.07.01-18.26.14:538][202]LogMaterial: Missing cached shader map for material MaterialCompleto, compiling. 
[2017.07.01-18.26.14:540][202]LogTemp:Display: Added material ShaderMap 0x0000015BA4C35D00 with Material 0x0000015BCCC51300 to ShaderMapsBeingCompiled
[2017.07.01-18.26.14:558][202]LogTemp:Display: Kicking off shader compilation for MaterialCompleto, GameThreadShaderMap 0x0000015BA4C35D00
[2017.07.01-18.26.14:558][202]LogMaterial: 0.00 seconds spent updating 1 materials, 1 interfaces, 0 instances, 0 with static permutations.
[2017.07.01-18.26.16:508][283]LogTemp:Display: Finished compile of shader map 0x0000015BA4C35D00
[2017.07.01-18.26.16:508][283]LogTemp:Display: Shader map MaterialCompleto complete, GameThreadShaderMap 0x0000015BA4C35D00, marking material MaterialCompleto as finished
[2017.07.01-18.26.16:508][283]LogTemp:Display: Marking material as finished 0x0000015BCCC51300
[2017.07.01-18.26.16:523][284]MaterialEditorStats: Info Base pass shader with only dynamic lighting: 87 instructions
[2017.07.01-18.26.16:523][284]MaterialEditorStats: Info Vertex shader: 31 instructions
[2017.07.01-18.26.16:523][284]MaterialEditorStats: Info Texture samplers: 2/16
[2017.07.01-18.26.18:140][376]LogMaterial: Missing cached shader map for material MaterialCompleto, compiling. 
[2017.07.01-18.26.18:142][376]LogTemp:Display: Added material ShaderMap 0x0000015BF6361D00 with Material 0x0000015BCCC51300 to ShaderMapsBeingCompiled
[2017.07.01-18.26.18:159][376]LogTemp:Display: Kicking off shader compilation for MaterialCompleto, GameThreadShaderMap 0x0000015BF6361D00
[2017.07.01-18.26.18:159][376]LogMaterial: 0.00 seconds spent updating 1 materials, 1 interfaces, 0 instances, 0 with static permutations.
[2017.07.01-18.26.18:397][388]LogMaterialEditor: Saving and Compiling material MaterialCompleto
[2017.07.01-18.26.19:419][388]LogMaterial: Missing cached shader map for material MaterialCompleto, compiling. 
[2017.07.01-18.26.19:421][388]LogTemp:Display: Added material ShaderMap 0x0000015BF630D280 with Material 0x0000015BCCC51300 to ShaderMapsBeingCompiled
[2017.07.01-18.26.19:475][388]LogTemp:Display: Kicking off shader compilation for MaterialCompleto, GameThreadShaderMap 0x0000015BF630D280
[2017.07.01-18.26.19:475][388]LogMaterial: 0.00 seconds spent updating 1 materials, 1 interfaces, 0 instances, 0 with static permutations.
[2017.07.01-18.26.19:525][388]LogMaterial: Missing cached shader map for material MaterialCompleto, compiling. 
[2017.07.01-18.26.19:528][388]LogTemp:Display: Added material ShaderMap 0x0000015BF6239600 with Material 0x0000015BA6B93100 to ShaderMapsBeingCompiled
[2017.07.01-18.26.19:583][388]LogTemp:Display: Kicking off shader compilation for MaterialCompleto, GameThreadShaderMap 0x0000015BF6239600
[2017.07.01-18.26.19:589][388]LogMaterial: Missing cached shader map for material MaterialCompleto, compiling. 
[2017.07.01-18.26.19:592][388]LogTemp:Display: Added material ShaderMap 0x0000015BF449E080 with Material 0x0000015BA6B93100 to ShaderMapsBeingCompiled
[2017.07.01-18.26.19:637][388]LogTemp:Display: Kicking off shader compilation for MaterialCompleto, GameThreadShaderMap 0x0000015BF449E080
[2017.07.01-18.26.19:638][388]LogMaterial: 0.00 seconds spent updating 1 materials, 1 interfaces, 0 instances, 0 with static permutations.
[2017.07.01-18.26.19:663][388]LogMaterial: Missing cached shader map for material FDebugViewModeMaterialProxy MaterialCompleto, compiling. 
[2017.07.01-18.26.19:666][388]LogTemp:Display: Added material ShaderMap 0x0000015BEA6DDD00 with Material 0x0000015BEA784400 to ShaderMapsBeingCompiled
[2017.07.01-18.26.21:068][388]LogTemp:Display: Finished compile of shader map 0x0000015BEA6DDD00
[2017.07.01-18.26.21:068][388]LogTemp:Display: Shader map FDebugViewModeMaterialProxy MaterialCompleto complete, GameThreadShaderMap 0x0000015BEA6DDD00, marking material FDebugViewModeMaterialProxy MaterialCompleto as finished
[2017.07.01-18.26.21:068][388]LogTemp:Display: Marking material as finished 0x0000015BEA784400
[2017.07.01-18.26.21:075][388]TextureStreamingBuild:Display: Compiling optional shaders took 1.421 seconds.
[2017.07.01-18.26.23:392][388]LogTemp:Display: Finished compile of shader map 0x0000015BF449E080
[2017.07.01-18.26.23:392][388]LogTemp:Display: Shader map MaterialCompleto complete, GameThreadShaderMap 0x0000015BF449E080, marking material MaterialCompleto as finished
[2017.07.01-18.26.23:392][388]LogTemp:Display: Marking material as finished 0x0000015BA6B93100
[2017.07.01-18.26.23:398][388]LogSlate: Took 0.000293 seconds to synchronously load lazily loaded font '../../../Engine/Content/Slate/Fonts/Roboto-Regular.ttf' (155K)
[2017.07.01-18.26.23:401][388]LogTemp:Display: Finished compile of shader map 0x0000015BF6361D00
[2017.07.01-18.26.23:401][388]LogTemp:Display: Shader map MaterialCompleto complete, GameThreadShaderMap 0x0000015BF6361D00, marking material MaterialCompleto as finished
[2017.07.01-18.26.23:401][388]LogTemp:Display: Marking material as finished 0x0000015BCCC51300
[2017.07.01-18.26.23:402][388]LogTemp:Display: Finished compile of shader map 0x0000015BF630D280
[2017.07.01-18.26.23:402][388]LogTemp:Display: Shader map MaterialCompleto complete, GameThreadShaderMap 0x0000015BF630D280, marking material MaterialCompleto as finished
[2017.07.01-18.26.23:402][388]LogTemp:Display: Marking material as finished 0x0000015BCCC51300
[2017.07.01-18.26.23:457][388]LogSavePackage: Save=18.18ms
[2017.07.01-18.26.23:457][388]LogSavePackage: Moving 'C:/Users/tonir/Documents/Unreal Projects/bep/bep/Saved/MaterialCompletoE415BEE64F0A84D6B003B387B4C5BE4E.tmp' to 'C:/Users/tonir/Documents/Unreal Projects/bep/bep/Content/FirstPersonBP/GrappleBP/Materials/MaterialCompleto.uasset'
[2017.07.01-18.26.23:460][388]LogSavePackage:Display: Finished SavePackage C:/Users/tonir/Documents/Unreal Projects/bep/bep/Content/FirstPersonBP/GrappleBP/Materials/MaterialCompleto.uasset
[2017.07.01-18.26.23:472][388]MaterialEditorStats: Info Base pass shader with only dynamic lighting: 87 instructions
[2017.07.01-18.26.23:472][388]MaterialEditorStats: Info Vertex shader: 31 instructions
[2017.07.01-18.26.23:472][388]MaterialEditorStats: Info Texture samplers: 3/16
[2017.07.01-18.26.25:252][486]LogTemp: Repeting last play command: Selected Viewport
[2017.07.01-18.26.25:266][486]LogBlueprintUserMessages: Early PlayInEditor Detection: Level '/Game/FirstPersonBP/Maps/Toni3.Toni3:PersistentLevel' has LevelScriptBlueprint '/Game/FirstPersonBP/Maps/Toni3.Toni3:PersistentLevel.Toni3' with GeneratedClass '/Game/FirstPersonBP/Maps/Toni3.Toni3_C' with ClassGeneratedBy '/Game/FirstPersonBP/Maps/Toni3.Toni3:PersistentLevel.Toni3'
[2017.07.01-18.26.25:266][486]LogPlayLevel: PlayLevel: No blueprints needed recompiling
[2017.07.01-18.26.25:266][486]PIE: New page: PIE session: Toni3 (1 Jul 2017 20:26:25)
[2017.07.01-18.26.25:266][486]LogPlayLevel: Creating play world package: /Game/FirstPersonBP/Maps/UEDPIE_0_Toni3
[2017.07.01-18.26.25:287][486]LogPlayLevel: PIE: StaticDuplicateObject took: (0.020338s)
[2017.07.01-18.26.25:288][486]LogAIModule: Creating AISystem for world Toni3
[2017.07.01-18.26.25:288][486]LogPlayLevel: PIE: World Init took: (0.001132s)
[2017.07.01-18.26.25:288][486]LogPlayLevel: PIE: Created PIE world by copying editor world from /Game/FirstPersonBP/Maps/Toni3.Toni3 to /Game/FirstPersonBP/Maps/UEDPIE_0_Toni3.Toni3 (0.021714s)
[2017.07.01-18.26.25:304][486]LogInit: XAudio2 using 'Altavoces (Realtek High Definition Audio)' : 2 channels at 48 kHz using 32 bits per sample (channel mask 0x3)
[2017.07.01-18.26.25:320][486]LogInit: FAudioDevice initialized.
[2017.07.01-18.26.25:351][486]LogLoad: Game class is 'FirstPersonGameMode_C'
[2017.07.01-18.26.25:354][486]LogWorld: Bringing World /Game/FirstPersonBP/Maps/UEDPIE_0_Toni3.Toni3 up for play (max tick rate 60) at 2017.07.01-19.26.25
[2017.07.01-18.26.25:355][486]LogWorld: Bringing up level for play took: 0.002371
[2017.07.01-18.26.25:356][486]PIE: Info Play in editor start time for /Game/FirstPersonBP/Maps/UEDPIE_0_Toni3 0.18
[2017.07.01-18.26.25:357][486]LogBlueprintUserMessages: Late PlayInEditor Detection: Level '/Game/FirstPersonBP/Maps/Toni3.Toni3:PersistentLevel' has LevelScriptBlueprint '/Game/FirstPersonBP/Maps/Toni3.Toni3:PersistentLevel.Toni3' with GeneratedClass '/Game/FirstPersonBP/Maps/Toni3.Toni3_C' with ClassGeneratedBy '/Game/FirstPersonBP/Maps/Toni3.Toni3:PersistentLevel.Toni3'
[2017.07.01-18.26.30:833][813]LogBlueprintUserMessages: Early EndPlayMap Detection: Level '/Game/FirstPersonBP/Maps/Toni3.Toni3:PersistentLevel' has LevelScriptBlueprint '/Game/FirstPersonBP/Maps/Toni3.Toni3:PersistentLevel.Toni3' with GeneratedClass '/Game/FirstPersonBP/Maps/Toni3.Toni3_C' with ClassGeneratedBy '/Game/FirstPersonBP/Maps/Toni3.Toni3:PersistentLevel.Toni3'
[2017.07.01-18.26.30:869][813]LogBlueprintUserMessages: Late EndPlayMap Detection: Level '/Game/FirstPersonBP/Maps/Toni3.Toni3:PersistentLevel' has LevelScriptBlueprint '/Game/FirstPersonBP/Maps/Toni3.Toni3:PersistentLevel.Toni3' with GeneratedClass '/Game/FirstPersonBP/Maps/Toni3.Toni3_C' with ClassGeneratedBy '/Game/FirstPersonBP/Maps/Toni3.Toni3:PersistentLevel.Toni3'
[2017.07.01-18.26.38:457][250]LogMaterial: Missing cached shader map for material MaterialCompleto, compiling. 
[2017.07.01-18.26.38:459][250]LogTemp:Display: Added material ShaderMap 0x0000015BEAAA0480 with Material 0x0000015BCCC51300 to ShaderMapsBeingCompiled
[2017.07.01-18.26.38:483][250]LogTemp:Display: Kicking off shader compilation for MaterialCompleto, GameThreadShaderMap 0x0000015BEAAA0480
[2017.07.01-18.26.38:489][250]LogMaterial: Missing cached shader map for material MaterialCompleto, compiling. 
[2017.07.01-18.26.38:491][250]LogTemp:Display: Added material ShaderMap 0x0000015BF4396E80 with Material 0x0000015BCCC51300 to ShaderMapsBeingCompiled
[2017.07.01-18.26.38:506][250]LogTemp:Display: Kicking off shader compilation for MaterialCompleto, GameThreadShaderMap 0x0000015BF4396E80
[2017.07.01-18.26.38:507][250]LogMaterial: 0.00 seconds spent updating 1 materials, 1 interfaces, 0 instances, 0 with static permutations.
[2017.07.01-18.26.38:868][261]LogMaterialEditor: Saving and Compiling material MaterialCompleto
[2017.07.01-18.26.39:902][261]LogMaterial: Missing cached shader map for material MaterialCompleto, compiling. 
[2017.07.01-18.26.39:904][261]LogTemp:Display: Added material ShaderMap 0x0000015BF40A9280 with Material 0x0000015BCCC51300 to ShaderMapsBeingCompiled
[2017.07.01-18.26.39:957][261]LogTemp:Display: Kicking off shader compilation for MaterialCompleto, GameThreadShaderMap 0x0000015BF40A9280
[2017.07.01-18.26.39:957][261]LogMaterial: 0.00 seconds spent updating 1 materials, 1 interfaces, 0 instances, 0 with static permutations.
[2017.07.01-18.26.40:021][261]LogTemp:Display: Removed shader map 0x0000015BF6239600 from material 0x0000015BA6B93100
[2017.07.01-18.26.40:050][261]LogMaterial: Missing cached shader map for material MaterialCompleto, compiling. 
[2017.07.01-18.26.40:052][261]LogTemp:Display: Added material ShaderMap 0x0000015BF6EA2780 with Material 0x0000015BBE59B880 to ShaderMapsBeingCompiled
[2017.07.01-18.26.40:108][261]LogTemp:Display: Kicking off shader compilation for MaterialCompleto, GameThreadShaderMap 0x0000015BF6EA2780
[2017.07.01-18.26.40:112][261]LogMaterial: Missing cached shader map for material MaterialCompleto, compiling. 
[2017.07.01-18.26.40:114][261]LogTemp:Display: Added material ShaderMap 0x0000015BF6B28480 with Material 0x0000015BBE59B880 to ShaderMapsBeingCompiled
[2017.07.01-18.26.40:154][261]LogTemp:Display: Kicking off shader compilation for MaterialCompleto, GameThreadShaderMap 0x0000015BF6B28480
[2017.07.01-18.26.40:155][261]LogMaterial: 0.00 seconds spent updating 1 materials, 1 interfaces, 0 instances, 0 with static permutations.
[2017.07.01-18.26.40:181][261]LogMaterial: Missing cached shader map for material FDebugViewModeMaterialProxy MaterialCompleto, compiling. 
[2017.07.01-18.26.40:183][261]LogTemp:Display: Added material ShaderMap 0x0000015BF6678B80 with Material 0x0000015BF665A200 to ShaderMapsBeingCompiled
[2017.07.01-18.26.42:085][261]LogTemp:Display: Finished compile of shader map 0x0000015BF6678B80
[2017.07.01-18.26.42:085][261]LogTemp:Display: Shader map FDebugViewModeMaterialProxy MaterialCompleto complete, GameThreadShaderMap 0x0000015BF6678B80, marking material FDebugViewModeMaterialProxy MaterialCompleto as finished
[2017.07.01-18.26.42:085][261]LogTemp:Display: Marking material as finished 0x0000015BF665A200
[2017.07.01-18.26.42:090][261]TextureStreamingBuild:Display: Compiling optional shaders took 1.918 seconds.
[2017.07.01-18.26.44:905][261]LogTemp:Display: Finished compile of shader map 0x0000015BF6B28480
[2017.07.01-18.26.44:905][261]LogTemp:Display: Shader map MaterialCompleto complete, GameThreadShaderMap 0x0000015BF6B28480, marking material MaterialCompleto as finished
[2017.07.01-18.26.44:905][261]LogTemp:Display: Marking material as finished 0x0000015BBE59B880
[2017.07.01-18.26.44:913][261]LogTemp:Display: Finished compile of shader map 0x0000015BF40A9280
[2017.07.01-18.26.44:913][261]LogTemp:Display: Shader map MaterialCompleto complete, GameThreadShaderMap 0x0000015BF40A9280, marking material MaterialCompleto as finished
[2017.07.01-18.26.44:913][261]LogTemp:Display: Marking material as finished 0x0000015BCCC51300
[2017.07.01-18.26.44:916][261]LogTemp:Display: Finished compile of shader map 0x0000015BF4396E80
[2017.07.01-18.26.44:916][261]LogTemp:Display: Shader map MaterialCompleto complete, GameThreadShaderMap 0x0000015BF4396E80, marking material MaterialCompleto as finished
[2017.07.01-18.26.44:916][261]LogTemp:Display: Marking material as finished 0x0000015BCCC51300
[2017.07.01-18.26.44:958][261]LogSavePackage: Save=17.67ms
[2017.07.01-18.26.44:958][261]LogSavePackage: Moving 'C:/Users/tonir/Documents/Unreal Projects/bep/bep/Saved/MaterialCompletoA81C3F244CF8B4F42637FAB73CC1A743.tmp' to 'C:/Users/tonir/Documents/Unreal Projects/bep/bep/Content/FirstPersonBP/GrappleBP/Materials/MaterialCompleto.uasset'
[2017.07.01-18.26.44:961][261]LogSavePackage:Display: Finished SavePackage C:/Users/tonir/Documents/Unreal Projects/bep/bep/Content/FirstPersonBP/GrappleBP/Materials/MaterialCompleto.uasset
[2017.07.01-18.26.44:974][261]MaterialEditorStats: Info Base pass shader with only dynamic lighting: 55 instructions
[2017.07.01-18.26.44:974][261]MaterialEditorStats: Info Base pass shader for self shadowed translucency: 91 instructions
[2017.07.01-18.26.44:974][261]MaterialEditorStats: Info Vertex shader: 83 instructions
[2017.07.01-18.26.44:974][261]MaterialEditorStats: Info Texture samplers: 5/16
[2017.07.01-18.27.20:119][346]LogTemp: Repeting last play command: Selected Viewport
[2017.07.01-18.27.20:134][346]LogBlueprintUserMessages: Early PlayInEditor Detection: Level '/Game/FirstPersonBP/Maps/Toni3.Toni3:PersistentLevel' has LevelScriptBlueprint '/Game/FirstPersonBP/Maps/Toni3.Toni3:PersistentLevel.Toni3' with GeneratedClass '/Game/FirstPersonBP/Maps/Toni3.Toni3_C' with ClassGeneratedBy '/Game/FirstPersonBP/Maps/Toni3.Toni3:PersistentLevel.Toni3'
[2017.07.01-18.27.20:135][346]LogPlayLevel: PlayLevel: No blueprints needed recompiling
[2017.07.01-18.27.20:135][346]PIE: New page: PIE session: Toni3 (1 Jul 2017 20:27:20)
[2017.07.01-18.27.20:135][346]LogPlayLevel: Creating play world package: /Game/FirstPersonBP/Maps/UEDPIE_0_Toni3
[2017.07.01-18.27.20:154][346]LogPlayLevel: PIE: StaticDuplicateObject took: (0.019181s)
[2017.07.01-18.27.20:155][346]LogAIModule: Creating AISystem for world Toni3
[2017.07.01-18.27.20:155][346]LogPlayLevel: PIE: World Init took: (0.001156s)
[2017.07.01-18.27.20:155][346]LogPlayLevel: PIE: Created PIE world by copying editor world from /Game/FirstPersonBP/Maps/Toni3.Toni3 to /Game/FirstPersonBP/Maps/UEDPIE_0_Toni3.Toni3 (0.020647s)
[2017.07.01-18.27.20:177][346]LogInit: XAudio2 using 'Altavoces (Realtek High Definition Audio)' : 2 channels at 48 kHz using 32 bits per sample (channel mask 0x3)
[2017.07.01-18.27.20:189][346]LogInit: FAudioDevice initialized.
[2017.07.01-18.27.20:220][346]LogLoad: Game class is 'FirstPersonGameMode_C'
[2017.07.01-18.27.20:223][346]LogWorld: Bringing World /Game/FirstPersonBP/Maps/UEDPIE_0_Toni3.Toni3 up for play (max tick rate 60) at 2017.07.01-19.27.20
[2017.07.01-18.27.20:223][346]LogWorld: Bringing up level for play took: 0.002243
[2017.07.01-18.27.20:225][346]PIE: Info Play in editor start time for /Game/FirstPersonBP/Maps/UEDPIE_0_Toni3 1.048
[2017.07.01-18.27.20:225][346]LogBlueprintUserMessages: Late PlayInEditor Detection: Level '/Game/FirstPersonBP/Maps/Toni3.Toni3:PersistentLevel' has LevelScriptBlueprint '/Game/FirstPersonBP/Maps/Toni3.Toni3:PersistentLevel.Toni3' with GeneratedClass '/Game/FirstPersonBP/Maps/Toni3.Toni3_C' with ClassGeneratedBy '/Game/FirstPersonBP/Maps/Toni3.Toni3:PersistentLevel.Toni3'
[2017.07.01-18.27.30:934][987]LogBlueprintUserMessages: [StaticBoxBP_166] Hello
[2017.07.01-18.27.31:949][ 48]LogBlueprintUserMessages: [StaticBoxBP2] Hello
[2017.07.01-18.27.31:950][ 48]LogBlueprintUserMessages: [FirstPersonCharacter_C_1] Pasas de nivel
[2017.07.01-18.27.31:950][ 48]LogBlueprintUserMessages: [FirstPersonCharacter_C_1] 37
[2017.07.01-18.27.31:950][ 48]LogScriptCore:Warning: Script Msg: Attempted to set an invalid index on array ArrayMedal [35/0]!
[2017.07.01-18.27.37:217][364]LogBlueprintUserMessages: Early EndPlayMap Detection: Level '/Game/FirstPersonBP/Maps/Toni3.Toni3:PersistentLevel' has LevelScriptBlueprint '/Game/FirstPersonBP/Maps/Toni3.Toni3:PersistentLevel.Toni3' with GeneratedClass '/Game/FirstPersonBP/Maps/Toni3.Toni3_C' with ClassGeneratedBy '/Game/FirstPersonBP/Maps/Toni3.Toni3:PersistentLevel.Toni3'
[2017.07.01-18.27.37:254][364]LogBlueprintUserMessages: Late EndPlayMap Detection: Level '/Game/FirstPersonBP/Maps/Toni3.Toni3:PersistentLevel' has LevelScriptBlueprint '/Game/FirstPersonBP/Maps/Toni3.Toni3:PersistentLevel.Toni3' with GeneratedClass '/Game/FirstPersonBP/Maps/Toni3.Toni3_C' with ClassGeneratedBy '/Game/FirstPersonBP/Maps/Toni3.Toni3:PersistentLevel.Toni3'
[2017.07.01-18.28.15:105][331]LogWindowsTextInputMethodSystem:Display: IME system now deactivated.
[2017.07.01-18.28.15:332][332]Cmd: QUIT_EDITOR
[2017.07.01-18.28.16:134][332]LogExit: Preparing to exit.
[2017.07.01-18.28.17:238][332]LogExit: Editor shut down
[2017.07.01-18.28.17:239][332]LogExit: Transaction tracking system shut down
[2017.07.01-18.28.17:240][332]LogTemp:Display: Removed shader map 0x0000015BF6EA2780 from material 0x0000015BBE59B880
[2017.07.01-18.28.17:250][332]LogTemp:Display: Removed shader map 0x0000015BEAAA0480 from material 0x0000015BCCC51300
[2017.07.01-18.28.17:250][332]LogTemp:Display: Removed shader map 0x0000015BEE222780 from material 0x0000015BCCC51300
[2017.07.01-18.28.17:309][332]LogObj: Freed 0b from 0 cluster array pools.
[2017.07.01-18.28.17:309][332]LogExit: Object subsystem successfully closed.
[2017.07.01-18.28.17:321][332]LogD3D11RHI: Shutdown
[2017.07.01-18.28.17:321][332]LogD3D11RHI: CleanupD3DDevice
[2017.07.01-18.28.17:383][332]LogD3D11RHI: ~FD3D11DynamicRHI
[2017.07.01-18.28.17:390][332]LogModuleManager: Shutting down and abandoning module MaterialEditor (502)
[2017.07.01-18.28.17:391][332]LogModuleManager: Shutting down and abandoning module MovieSceneCapture (500)
[2017.07.01-18.28.17:391][332]LogModuleManager: Shutting down and abandoning module HierarchicalLODOutliner (498)
[2017.07.01-18.28.17:391][332]LogModuleManager: Shutting down and abandoning module CrashTracker (496)
[2017.07.01-18.28.17:391][332]LogModuleManager: Shutting down and abandoning module SceneOutliner (494)
[2017.07.01-18.28.17:391][332]LogModuleManager: Shutting down and abandoning module AddContentDialog (492)
[2017.07.01-18.28.17:391][332]LogDirectoryWatcher: A directory notification for 'D:/Program Files/Epic Games/UE_4.15/FeaturePacks/' was aborted.
[2017.07.01-18.28.17:392][332]LogModuleManager: Shutting down and abandoning module WidgetCarousel (491)
[2017.07.01-18.28.17:392][332]LogModuleManager: Shutting down and abandoning module EditorWidgets (488)
[2017.07.01-18.28.17:392][332]LogModuleManager: Shutting down and abandoning module CollectionManager (486)
[2017.07.01-18.28.17:392][332]LogDirectoryWatcher: A directory notification for 'C:/Users/tonir/Documents/Unreal Projects/bep/bep/Content/Collections/' was aborted.
[2017.07.01-18.28.17:392][332]LogDirectoryWatcher: A directory notification for 'C:/Users/tonir/Documents/Unreal Projects/bep/bep/Content/Developers/tonir/Collections/' was aborted.
[2017.07.01-18.28.17:392][332]LogDirectoryWatcher: A directory notification for 'C:/Users/tonir/Documents/Unreal Projects/bep/bep/Saved/Collections/' was aborted.
[2017.07.01-18.28.17:392][332]LogModuleManager: Shutting down and abandoning module StatsViewer (484)
[2017.07.01-18.28.17:392][332]LogModuleManager: Shutting down and abandoning module FoliageEdit (482)
[2017.07.01-18.28.17:392][332]LogModuleManager: Shutting down and abandoning module LandscapeEditor (480)
[2017.07.01-18.28.17:392][332]LogModuleManager: Shutting down and abandoning module SceneDepthPickerMode (478)
[2017.07.01-18.28.17:392][332]LogModuleManager: Shutting down and abandoning module ActorPickerMode (476)
[2017.07.01-18.28.17:392][332]LogModuleManager: Shutting down and abandoning module GeometryMode (474)
[2017.07.01-18.28.17:392][332]LogModuleManager: Shutting down and abandoning module TextureAlignMode (472)
[2017.07.01-18.28.17:392][332]LogModuleManager: Shutting down and abandoning module BspMode (470)
[2017.07.01-18.28.17:392][332]LogModuleManager: Shutting down and abandoning module HardwareSurvey (468)
[2017.07.01-18.28.17:392][332]LogModuleManager: Shutting down and abandoning module SequenceRecorderSections (466)
[2017.07.01-18.28.17:392][332]LogModuleManager: Shutting down and abandoning module AutomationWorker (464)
[2017.07.01-18.28.17:392][332]LogModuleManager: Shutting down and abandoning module MatineeToLevelSequence (462)
[2017.07.01-18.28.17:392][332]LogModuleManager: Shutting down and abandoning module LevelSequenceEditor (460)
[2017.07.01-18.28.17:393][332]LogModuleManager: Shutting down and abandoning module PlacementMode (459)
[2017.07.01-18.28.17:393][332]LogModuleManager: Shutting down and abandoning module WmfMediaFactory (456)
[2017.07.01-18.28.17:393][332]LogModuleManager: Shutting down and abandoning module WmfMediaEditor (454)
[2017.07.01-18.28.17:393][332]LogModuleManager: Shutting down and abandoning module MfMediaFactory (452)
[2017.07.01-18.28.17:393][332]LogModuleManager: Shutting down and abandoning module MfMediaEditor (450)
[2017.07.01-18.28.17:393][332]LogModuleManager: Shutting down and abandoning module AvfMediaFactory (448)
[2017.07.01-18.28.17:393][332]LogModuleManager: Shutting down and abandoning module AvfMediaEditor (446)
[2017.07.01-18.28.17:393][332]LogModuleManager: Shutting down and abandoning module AndroidMediaFactory (444)
[2017.07.01-18.28.17:393][332]LogModuleManager: Shutting down and abandoning module Media (443)
[2017.07.01-18.28.17:393][332]LogModuleManager: Shutting down and abandoning module AndroidMediaEditor (440)
[2017.07.01-18.28.17:393][332]LogModuleManager: Shutting down and abandoning module CharacterAI (438)
[2017.07.01-18.28.17:393][332]LogModuleManager: Shutting down and abandoning module AudioCapture (436)
[2017.07.01-18.28.17:393][332]LogModuleManager: Shutting down and abandoning module SequenceRecorder (435)
[2017.07.01-18.28.17:393][332]LogModuleManager: Shutting down and abandoning module SmartSnapping (432)
[2017.07.01-18.28.17:393][332]LogModuleManager: Shutting down and abandoning module SessionServices (430)
[2017.07.01-18.28.17:393][332]LogModuleManager: Shutting down and abandoning module ViewportSnapping (428)
[2017.07.01-18.28.17:393][332]LogModuleManager: Shutting down and abandoning module ViewportInteraction (426)
[2017.07.01-18.28.17:393][332]LogModuleManager: Shutting down and abandoning module LogVisualizer (424)
[2017.07.01-18.28.17:393][332]LogModuleManager: Shutting down and abandoning module IntroTutorials (422)
[2017.07.01-18.28.17:393][332]LogModuleManager: Shutting down and abandoning module GameProjectGeneration (421)
[2017.07.01-18.28.17:393][332]LogModuleManager: Shutting down and abandoning module EditorLiveStreaming (418)
[2017.07.01-18.28.17:393][332]LogModuleManager: Shutting down and abandoning module IOSPlatformEditor (416)
[2017.07.01-18.28.17:393][332]LogModuleManager: Shutting down and abandoning module HTML5PlatformEditor (414)
[2017.07.01-18.28.17:393][332]LogModuleManager: Shutting down and abandoning module AndroidPlatformEditor (412)
[2017.07.01-18.28.17:393][332]LogModuleManager: Shutting down and abandoning module AndroidDeviceDetection (411)
[2017.07.01-18.28.17:637][332]LogModuleManager: Shutting down and abandoning module IOSRuntimeSettings (408)
[2017.07.01-18.28.17:637][332]LogModuleManager: Shutting down and abandoning module AndroidRuntimeSettings (406)
[2017.07.01-18.28.17:637][332]LogModuleManager: Shutting down and abandoning module InputBindingEditor (404)
[2017.07.01-18.28.17:637][332]LogModuleManager: Shutting down and abandoning module NiagaraEditor (402)
[2017.07.01-18.28.17:637][332]LogModuleManager: Shutting down and abandoning module MergeActors (400)
[2017.07.01-18.28.17:637][332]LogModuleManager: Shutting down and abandoning module SizeMap (398)
[2017.07.01-18.28.17:637][332]LogModuleManager: Shutting down and abandoning module TreeMap (396)
[2017.07.01-18.28.17:637][332]LogModuleManager: Shutting down and abandoning module ReferenceViewer (394)
[2017.07.01-18.28.17:637][332]LogModuleManager: Shutting down and abandoning module LocalizationDashboard (392)
[2017.07.01-18.28.17:637][332]LogModuleManager: Shutting down and abandoning module LocalizationService (391)
[2017.07.01-18.28.17:637][332]LogModuleManager: Shutting down and abandoning module HardwareTargeting (388)
[2017.07.01-18.28.17:637][332]LogModuleManager: Shutting down and abandoning module DeviceProfileEditor (386)
[2017.07.01-18.28.17:637][332]LogModuleManager: Shutting down and abandoning module UndoHistory (384)
[2017.07.01-18.28.17:637][332]LogModuleManager: Shutting down and abandoning module UserFeedback (382)
[2017.07.01-18.28.17:637][332]LogModuleManager: Shutting down and abandoning module XmlParser (380)
[2017.07.01-18.28.17:637][332]LogModuleManager: Shutting down and abandoning module Blutility (378)
[2017.07.01-18.28.17:637][332]LogModuleManager: Shutting down and abandoning module ProjectSettingsViewer (376)
[2017.07.01-18.28.17:637][332]LogModuleManager: Shutting down and abandoning module ProjectTargetPlatformEditor (375)
[2017.07.01-18.28.17:637][332]LogModuleManager: Shutting down and abandoning module EditorSettingsViewer (372)
[2017.07.01-18.28.17:638][332]LogModuleManager: Shutting down and abandoning module SettingsEditor (370)
[2017.07.01-18.28.17:638][332]LogModuleManager: Shutting down and abandoning module ProjectLauncher (368)
[2017.07.01-18.28.17:638][332]LogModuleManager: Shutting down and abandoning module SessionFrontend (366)
[2017.07.01-18.28.17:638][332]LogModuleManager: Shutting down and abandoning module ProfilerClient (364)
[2017.07.01-18.28.17:638][332]LogModuleManager: Shutting down and abandoning module DeviceManager (362)
[2017.07.01-18.28.17:638][332]LogModuleManager: Shutting down and abandoning module TargetDeviceServices (361)
[2017.07.01-18.28.17:680][332]LogModuleManager: Shutting down and abandoning module AutomationController (358)
[2017.07.01-18.28.17:680][332]LogModuleManager: Shutting down and abandoning module AutomationWindow (356)
[2017.07.01-18.28.17:680][332]LogModuleManager: Shutting down and abandoning module Layers (354)
[2017.07.01-18.28.17:680][332]LogModuleManager: Shutting down and abandoning module ComponentVisualizers (352)
[2017.07.01-18.28.17:680][332]LogModuleManager: Shutting down and abandoning module DetailCustomizations (350)
[2017.07.01-18.28.17:680][332]LogModuleManager: Shutting down and abandoning module PackagesDialog (348)
[2017.07.01-18.28.17:680][332]LogModuleManager: Shutting down and abandoning module Persona (346)
[2017.07.01-18.28.17:680][332]LogModuleManager: Shutting down and abandoning module AnimGraph (345)
[2017.07.01-18.28.17:680][332]LogModuleManager: Shutting down and abandoning module Kismet (342)
[2017.07.01-18.28.17:681][332]LogModuleManager: Shutting down and abandoning module GraphEditor (340)
[2017.07.01-18.28.17:681][332]LogModuleManager: Shutting down and abandoning module ClassViewer (338)
[2017.07.01-18.28.17:681][332]LogModuleManager: Shutting down and abandoning module Toolbox (336)
[2017.07.01-18.28.17:681][332]LogModuleManager: Shutting down and abandoning module ModuleUI (334)
[2017.07.01-18.28.17:681][332]LogModuleManager: Shutting down and abandoning module MovieSceneTools (332)
[2017.07.01-18.28.17:681][332]LogModuleManager: Shutting down and abandoning module OutputLog (330)
[2017.07.01-18.28.17:681][332]LogModuleManager: Shutting down and abandoning module GammaUI (328)
[2017.07.01-18.28.17:681][332]LogModuleManager: Shutting down and abandoning module Documentation (326)
[2017.07.01-18.28.17:681][332]LogModuleManager: Shutting down and abandoning module Niagara (324)
[2017.07.01-18.28.17:681][332]LogModuleManager: Shutting down and abandoning module StreamingPauseRendering (322)
[2017.07.01-18.28.17:681][332]LogModuleManager: Shutting down and abandoning module AnalyticsET (320)
[2017.07.01-18.28.17:681][332]LogModuleManager: Shutting down and abandoning module PortalServices (318)
[2017.07.01-18.28.17:681][332]LogModuleManager: Shutting down and abandoning module PortalRpc (316)
[2017.07.01-18.28.17:681][332]LogModuleManager: Shutting down and abandoning module MessagingRpc (314)
[2017.07.01-18.28.17:681][332]LogModuleManager: Shutting down and abandoning module AIModule (312)
[2017.07.01-18.28.17:681][332]LogModuleManager: Shutting down and abandoning module GameplayDebugger (311)
[2017.07.01-18.28.17:682][332]LogModuleManager: Shutting down and abandoning module AITestSuite (309)
[2017.07.01-18.28.17:682][332]LogModuleManager: Shutting down and abandoning module ProfilerService (306)
[2017.07.01-18.28.17:807][332]LogModuleManager: Shutting down and abandoning module TaskGraph (304)
[2017.07.01-18.28.17:807][332]LogModuleManager: Shutting down and abandoning module SteamVRController (302)
[2017.07.01-18.28.17:807][332]LogModuleManager: Shutting down and abandoning module SteamVR (300)
[2017.07.01-18.28.17:807][332]LogModuleManager: Shutting down and abandoning module ProceduralMeshComponentEditor (298)
[2017.07.01-18.28.17:807][332]LogModuleManager: Shutting down and abandoning module ProceduralMeshComponent (296)
[2017.07.01-18.28.17:807][332]LogModuleManager: Shutting down and abandoning module OculusLibrary (294)
[2017.07.01-18.28.17:807][332]LogModuleManager: Shutting down and abandoning module OculusInput (292)
[2017.07.01-18.28.17:807][332]LogModuleManager: Shutting down and abandoning module MobilePatchingUtils (290)
[2017.07.01-18.28.17:807][332]LogModuleManager: Shutting down and abandoning module CustomMeshComponent (288)
[2017.07.01-18.28.17:807][332]LogModuleManager: Shutting down and abandoning module CableComponent (286)
[2017.07.01-18.28.17:807][332]LogModuleManager: Shutting down and abandoning module ArchVisCharacter (284)
[2017.07.01-18.28.17:807][332]LogModuleManager: Shutting down and abandoning module MediaPlayerEditor (280)
[2017.07.01-18.28.17:807][332]LogModuleManager: Shutting down and abandoning module HTML5Networking (278)
[2017.07.01-18.28.17:807][332]LogModuleManager: Shutting down and abandoning module AlembicImporter (276)
[2017.07.01-18.28.17:807][332]LogModuleManager: Shutting down and abandoning module AlembicLibrary (275)
[2017.07.01-18.28.17:807][332]LogModuleManager: Shutting down and abandoning module GeometryCache (274)
[2017.07.01-18.28.17:807][332]LogModuleManager: Shutting down and abandoning module GeometryCacheEd (273)
[2017.07.01-18.28.17:807][332]LogModuleManager: Shutting down and abandoning module SuperSearchEditor (268)
[2017.07.01-18.28.17:807][332]LogModuleManager: Shutting down and abandoning module SuperSearch (267)
[2017.07.01-18.28.17:807][332]LogModuleManager: Shutting down and abandoning module SpeedTreeImporter (264)
[2017.07.01-18.28.17:808][332]LogModuleManager: Shutting down and abandoning module PluginBrowser (262)
[2017.07.01-18.28.17:808][332]LogModuleManager: Shutting down and abandoning module MobileLauncherProfileWizard (260)
[2017.07.01-18.28.17:808][332]LogModuleManager: Shutting down and abandoning module EpicSurvey (258)
[2017.07.01-18.28.17:808][332]LogModuleManager: Shutting down and abandoning module VisualStudioSourceCodeAccess (256)
[2017.07.01-18.28.17:808][332]LogModuleManager: Shutting down and abandoning module DesktopPlatform (255)
[2017.07.01-18.28.17:808][332]LogModuleManager: Shutting down and abandoning module UObjectPlugin (252)
[2017.07.01-18.28.17:808][332]LogModuleManager: Shutting down and abandoning module SubversionSourceControl (250)
[2017.07.01-18.28.17:808][332]LogModuleManager: Shutting down and abandoning module PerforceSourceControl (248)
[2017.07.01-18.28.17:808][332]LogModuleManager: Shutting down and abandoning module GitSourceControl (246)
[2017.07.01-18.28.17:808][332]LogModuleManager: Shutting down and abandoning module SourceControl (245)
[2017.07.01-18.28.17:808][332]LogModuleManager: Shutting down and abandoning module LightPropagationVolumeEditor (242)
[2017.07.01-18.28.17:808][332]LogModuleManager: Shutting down and abandoning module PaperTiledImporter (240)
[2017.07.01-18.28.17:808][332]LogModuleManager: Shutting down and abandoning module PaperSpriteSheetImporter (238)
[2017.07.01-18.28.17:808][332]LogModuleManager: Shutting down and abandoning module Paper2DEditor (236)
[2017.07.01-18.28.17:808][332]LogModuleManager: Shutting down and abandoning module MeshPaint (235)
[2017.07.01-18.28.17:808][332]LogModuleManager: Shutting down and abandoning module LevelEditor (233)
[2017.07.01-18.28.17:809][332]LogModuleManager: Shutting down and abandoning module PixelInspectorModule (232)
[2017.07.01-18.28.17:809][332]LogModuleManager: Shutting down and abandoning module MainFrame (230)
[2017.07.01-18.28.17:809][332]LogModuleManager: Shutting down and abandoning module HotReload (229)
[2017.07.01-18.28.17:809][332]LogModuleManager: Shutting down and abandoning module ContentBrowser (225)
[2017.07.01-18.28.17:810][332]LogModuleManager: Shutting down and abandoning module PhysXVehiclesEditor (222)
[2017.07.01-18.28.17:810][332]LogModuleManager: Shutting down and abandoning module PhysXVehicles (220)
[2017.07.01-18.28.17:810][332]LogModuleManager: Shutting down and abandoning module LocationServicesBPLibrary (218)
[2017.07.01-18.28.17:810][332]LogModuleManager: Shutting down and abandoning module UdpMessaging (216)
[2017.07.01-18.28.17:911][332]LogModuleManager: Shutting down and abandoning module TcpMessaging (214)
[2017.07.01-18.28.18:061][332]LogModuleManager: Shutting down and abandoning module GameplayTagsEditor (212)
[2017.07.01-18.28.18:061][332]LogModuleManager: Shutting down and abandoning module FacialAnimationEditor (210)
[2017.07.01-18.28.18:061][332]LogModuleManager: Shutting down and abandoning module FacialAnimation (208)
[2017.07.01-18.28.18:061][332]LogModuleManager: Shutting down and abandoning module LightPropagationVolumeRuntime (206)
[2017.07.01-18.28.18:061][332]LogModuleManager: Shutting down and abandoning module Paper2D (204)
[2017.07.01-18.28.18:061][332]LogModuleManager: Shutting down and abandoning module WindowsMoviePlayer (202)
[2017.07.01-18.28.18:061][332]LogModuleManager: Shutting down and abandoning module WmfMedia (200)
[2017.07.01-18.28.18:061][332]LogModuleManager: Shutting down and abandoning module MfMedia (198)
[2017.07.01-18.28.18:061][332]LogModuleManager: Shutting down and abandoning module MediaAssets (196)
[2017.07.01-18.28.18:061][332]LogModuleManager: Shutting down and abandoning module GameLiveStreaming (194)
[2017.07.01-18.28.18:061][332]LogModuleManager: Shutting down and abandoning module VREditor (192)
[2017.07.01-18.28.18:061][332]LogModuleManager: Shutting down and abandoning module GameplayTasksEditor (190)
[2017.07.01-18.28.18:061][332]LogModuleManager: Shutting down and abandoning module BehaviorTreeEditor (188)
[2017.07.01-18.28.18:061][332]LogModuleManager: Shutting down and abandoning module FunctionalTesting (186)
[2017.07.01-18.28.18:061][332]LogModuleManager: Shutting down and abandoning module CollisionAnalyzer (184)
[2017.07.01-18.28.18:061][332]LogModuleManager: Shutting down and abandoning module UMG (182)
[2017.07.01-18.28.18:061][332]LogModuleManager: Shutting down and abandoning module UMGEditor (181)
[2017.07.01-18.28.18:061][332]LogModuleManager: Shutting down and abandoning module Sequencer (180)
[2017.07.01-18.28.18:061][332]LogModuleManager: Shutting down and abandoning module AssetTools (178)
[2017.07.01-18.28.18:061][332]LogModuleManager: Shutting down and abandoning module MessageLog (177)
[2017.07.01-18.28.18:061][332]LogModuleManager: Shutting down and abandoning module WorkspaceMenuStructure (176)
[2017.07.01-18.28.18:061][332]LogModuleManager: Shutting down and abandoning module SlateReflector (170)
[2017.07.01-18.28.18:061][332]LogModuleManager: Shutting down and abandoning module Slate (168)
[2017.07.01-18.28.18:061][332]LogModuleManager: Shutting down and abandoning module EditorStyle (166)
[2017.07.01-18.28.18:064][332]LogModuleManager: Shutting down and abandoning module SourceCodeAccess (164)
[2017.07.01-18.28.18:065][332]LogModuleManager: Shutting down and abandoning module HeadMountedDisplay (162)
[2017.07.01-18.28.18:065][332]LogModuleManager: Shutting down and abandoning module XAudio2 (160)
[2017.07.01-18.28.18:065][332]LogModuleManager: Shutting down and abandoning module Networking (158)
[2017.07.01-18.28.18:065][332]LogModuleManager: Shutting down and abandoning module Core (154)
[2017.07.01-18.28.18:065][332]LogModuleManager: Shutting down and abandoning module AssetRegistry (152)
[2017.07.01-18.28.18:278][332]LogDirectoryWatcher: A directory notification for '../../../Engine/Content/' was aborted.
[2017.07.01-18.28.18:278][332]LogDirectoryWatcher: A directory notification for 'C:/Users/tonir/Documents/Unreal Projects/bep/bep/Content/' was aborted.
[2017.07.01-18.28.18:278][332]LogDirectoryWatcher: A directory notification for '../../../Engine/Plugins/2D/Paper2D/Content/' was aborted.
[2017.07.01-18.28.18:278][332]LogModuleManager: Shutting down and abandoning module DirectoryWatcher (151)
[2017.07.01-18.28.18:283][332]LogModuleManager: Shutting down and abandoning module KismetCompiler (148)
[2017.07.01-18.28.18:283][332]LogModuleManager: Shutting down and abandoning module PhysXFormats (146)
[2017.07.01-18.28.18:283][332]LogModuleManager: Shutting down and abandoning module MeshUtilities (144)
[2017.07.01-18.28.18:283][332]LogModuleManager: Shutting down and abandoning module SimplygonSwarm (143)
[2017.07.01-18.28.18:283][332]LogModuleManager: Shutting down and abandoning module SimplygonMeshReduction (141)
[2017.07.01-18.28.18:283][332]LogModuleManager: Shutting down and abandoning module QuadricMeshReduction (139)
[2017.07.01-18.28.18:283][332]LogModuleManager: Shutting down and abandoning module PropertyEditor (137)
[2017.07.01-18.28.18:283][332]LogModuleManager: Shutting down and abandoning module DerivedDataCache (134)
[2017.07.01-18.28.18:354][332]LogDerivedDataCache: Shutdown
[2017.07.01-18.28.18:354][332]LogModuleManager: Shutting down and abandoning module TargetPlatform (132)
[2017.07.01-18.28.18:354][332]LogModuleManager: Shutting down and abandoning module VulkanShaderFormat (131)
[2017.07.01-18.28.18:354][332]LogModuleManager: Shutting down and abandoning module ShaderFormatOpenGL (129)
[2017.07.01-18.28.18:354][332]LogModuleManager: Shutting down and abandoning module ShaderFormatD3D (127)
[2017.07.01-18.28.18:354][332]LogModuleManager: Shutting down and abandoning module MetalShaderFormat (125)
[2017.07.01-18.28.18:354][332]LogModuleManager: Shutting down and abandoning module TextureFormatUncompressed (123)
[2017.07.01-18.28.18:354][332]LogModuleManager: Shutting down and abandoning module TextureFormatPVR (121)
[2017.07.01-18.28.18:354][332]LogModuleManager: Shutting down and abandoning module TextureFormatDXT (119)
[2017.07.01-18.28.18:354][332]LogModuleManager: Shutting down and abandoning module TextureFormatIntelISPCTexComp (117)
[2017.07.01-18.28.18:354][332]LogModuleManager: Shutting down and abandoning module TextureFormatASTC (115)
[2017.07.01-18.28.18:354][332]LogModuleManager: Shutting down and abandoning module ImageWrapper (114)
[2017.07.01-18.28.18:354][332]LogModuleManager: Shutting down and abandoning module TextureFormatAndroid (111)
[2017.07.01-18.28.18:354][332]LogModuleManager: Shutting down and abandoning module AudioFormatOpus (109)
[2017.07.01-18.28.18:354][332]LogModuleManager: Shutting down and abandoning module AudioFormatOgg (107)
[2017.07.01-18.28.18:354][332]LogModuleManager: Shutting down and abandoning module AudioFormatADPCM (105)
[2017.07.01-18.28.18:354][332]LogModuleManager: Shutting down and abandoning module LinuxTargetPlatform (103)
[2017.07.01-18.28.18:354][332]LogModuleManager: Shutting down and abandoning module LinuxServerTargetPlatform (101)
[2017.07.01-18.28.18:354][332]LogModuleManager: Shutting down and abandoning module LinuxNoEditorTargetPlatform (99)
[2017.07.01-18.28.18:354][332]LogModuleManager: Shutting down and abandoning module LinuxClientTargetPlatform (97)
[2017.07.01-18.28.18:354][332]LogModuleManager: Shutting down and abandoning module TVOSTargetPlatform (95)
[2017.07.01-18.28.18:354][332]LogModuleManager: Shutting down and abandoning module Messaging (93)
[2017.07.01-18.28.18:354][332]LogModuleManager: Shutting down and abandoning module IOSTargetPlatform (91)
[2017.07.01-18.28.18:354][332]LogModuleManager: Shutting down and abandoning module HTML5TargetPlatform (89)
[2017.07.01-18.28.18:354][332]LogModuleManager: Shutting down and abandoning module Android_PVRTCTargetPlatform (87)
[2017.07.01-18.28.18:354][332]LogModuleManager: Shutting down and abandoning module Android_MultiTargetPlatform (85)
[2017.07.01-18.28.18:354][332]LogModuleManager: Shutting down and abandoning module Android_ETC2TargetPlatform (83)
[2017.07.01-18.28.18:355][332]LogModuleManager: Shutting down and abandoning module Android_ETC1TargetPlatform (81)
[2017.07.01-18.28.18:355][332]LogModuleManager: Shutting down and abandoning module Android_DXTTargetPlatform (79)
[2017.07.01-18.28.18:355][332]LogModuleManager: Shutting down and abandoning module Android_ATCTargetPlatform (77)
[2017.07.01-18.28.18:355][332]LogModuleManager: Shutting down and abandoning module Android_ASTCTargetPlatform (75)
[2017.07.01-18.28.18:355][332]LogModuleManager: Shutting down and abandoning module AndroidTargetPlatform (73)
[2017.07.01-18.28.18:355][332]LogModuleManager: Shutting down and abandoning module WindowsTargetPlatform (71)
[2017.07.01-18.28.18:355][332]LogModuleManager: Shutting down and abandoning module WindowsServerTargetPlatform (69)
[2017.07.01-18.28.18:355][332]LogModuleManager: Shutting down and abandoning module WindowsNoEditorTargetPlatform (67)
[2017.07.01-18.28.18:355][332]LogModuleManager: Shutting down and abandoning module WindowsClientTargetPlatform (65)
[2017.07.01-18.28.18:355][332]LogModuleManager: Shutting down and abandoning module MacTargetPlatform (63)
[2017.07.01-18.28.18:355][332]LogModuleManager: Shutting down and abandoning module MacServerTargetPlatform (61)
[2017.07.01-18.28.18:355][332]LogModuleManager: Shutting down and abandoning module MacNoEditorTargetPlatform (59)
[2017.07.01-18.28.18:355][332]LogModuleManager: Shutting down and abandoning module MacClientTargetPlatform (57)
[2017.07.01-18.28.18:355][332]LogModuleManager: Shutting down and abandoning module AllDesktopTargetPlatform (55)
[2017.07.01-18.28.18:355][332]LogModuleManager: Shutting down and abandoning module InputCore (52)
[2017.07.01-18.28.18:355][332]LogModuleManager: Shutting down and abandoning module Settings (50)
[2017.07.01-18.28.18:355][332]LogModuleManager: Shutting down and abandoning module OculusRift (48)
[2017.07.01-18.28.18:355][332]LogModuleManager: Shutting down and abandoning module GearVR (46)
[2017.07.01-18.28.18:355][332]LogModuleManager: Shutting down and abandoning module ExampleDeviceProfileSelector (44)
[2017.07.01-18.28.18:355][332]LogModuleManager: Shutting down and abandoning module OnlineBlueprintSupport (42)
[2017.07.01-18.28.18:355][332]LogModuleManager: Shutting down and abandoning module OnlineSubsystem (38)
[2017.07.01-18.28.18:355][332]LogOnline:Display: Unloading online subsystem: NULL
[2017.07.01-18.28.18:355][332]LogModuleManager: Shutting down and abandoning module XMPP (37)
[2017.07.01-18.28.18:355][332]LogModuleManager: Shutting down and abandoning module HTTP (35)
[2017.07.01-18.28.18:355][332]LogHttp:Display: Http module shutting down, but needs to wait on 2 outstanding Http requests:
[2017.07.01-18.28.18:355][332]LogHttp:Display: 	verb=[POST] url=[https://datarouter.ol.epicgames.com/datarouter/api/v1/public/data?SessionID=%7B992792E8-4E88-F0C7-DED8-2F8A140FC5C3%7D&AppID=UEEditor.Rocket.Release&AppVersion=4.15.3-3450819%2B%2B%2BUE4%2BRelease-4.15&UserID=9d61635b4f6881c589aba8a8ee9164f6%7Cd1dffcc0c00b4945b72a2d714bf43321%7C0ec32bd4-b0c4-44ef-961b-0a8ed3aa05ce&AppEnvironment=datacollector-binary&UploadType=eteventstream] status=Processing
[2017.07.01-18.28.18:355][332]LogHttp:Display: 	verb=[POST] url=[https://datarouter.ol.epicgames.com/datarouter/api/v1/public/data?SessionID=%7B992792E8-4E88-F0C7-DED8-2F8A140FC5C3%7D&AppID=UEEditor.Rocket.Release&AppVersion=4.15.3-3450819%2B%2B%2BUE4%2BRelease-4.15&UserID=9d61635b4f6881c589aba8a8ee9164f6%7Cd1dffcc0c00b4945b72a2d714bf43321%7C0ec32bd4-b0c4-44ef-961b-0a8ed3aa05ce&AppEnvironment=datacollector-binary&UploadType=eteventstream] status=Processing
[2017.07.01-18.28.18:377][332]LogModuleManager: Shutting down and abandoning module SSL (34)
[2017.07.01-18.28.18:379][332]LogModuleManager: Shutting down and abandoning module AudioEditor (30)
[2017.07.01-18.28.18:379][332]LogModuleManager: Shutting down and abandoning module TextureCompressor (28)
[2017.07.01-18.28.18:379][332]LogModuleManager: Shutting down and abandoning module ShaderCore (26)
[2017.07.01-18.28.18:379][332]LogModuleManager: Shutting down and abandoning module Landscape (24)
[2017.07.01-18.28.18:379][332]LogModuleManager: Shutting down and abandoning module SlateRHIRenderer (22)
[2017.07.01-18.28.18:382][332]LogModuleManager: Shutting down and abandoning module OpenGLDrv (20)
[2017.07.01-18.28.18:382][332]LogModuleManager: Shutting down and abandoning module D3D11RHI (18)
[2017.07.01-18.28.18:382][332]LogModuleManager: Shutting down and abandoning module AnimGraphRuntime (16)
[2017.07.01-18.28.18:383][332]LogModuleManager: Shutting down and abandoning module Renderer (14)
[2017.07.01-18.28.18:383][332]LogModuleManager: Shutting down and abandoning module Engine (12)
[2017.07.01-18.28.18:383][332]LogModuleManager: Shutting down and abandoning module CoreUObject (10)
[2017.07.01-18.28.18:383][332]LogModuleManager: Shutting down and abandoning module NetworkFile (8)
[2017.07.01-18.28.18:383][332]LogModuleManager: Shutting down and abandoning module StreamingFile (6)
[2017.07.01-18.28.18:383][332]LogModuleManager: Shutting down and abandoning module SandboxFile (4)
[2017.07.01-18.28.18:383][332]LogModuleManager: Shutting down and abandoning module PakFile (2)
[2017.07.01-18.28.18:385][332]LogExit: Exiting.
[2017.07.01-18.28.18:386][332]Log file closed, 07/01/17 19:28:18
